To honour the JVM settings for this build a single-use Daemon process will be forked. For more on this, please refer to https://docs.gradle.org/8.14.3/userguide/gradle_daemon.html#sec:disabling_the_daemon in the Gradle documentation.
Daemon will be stopped at the end of the build 
Configuration on demand is an incubating feature.
> Task :application:processResources NO-SOURCE
> Task :bootstrap:compileJava NO-SOURCE
> Task :adapter-in:compileJava NO-SOURCE
> Task :compileJava NO-SOURCE
> Task :adapter-out:compileJava NO-SOURCE
> Task :adapter-out:abac-cel:processResources NO-SOURCE
> Task :application:processTestFixturesResources NO-SOURCE
> Task :adapter-in:processResources NO-SOURCE
> Task :adapter-in:classes UP-TO-DATE
> Task :adapter-out:abac-cel:processTestResources NO-SOURCE
> Task :adapter-out:processResources NO-SOURCE
> Task :bootstrap:processResources NO-SOURCE
> Task :application:processTestResources NO-SOURCE
> Task :adapter-out:classes UP-TO-DATE
> Task :processResources NO-SOURCE
> Task :bootstrap:classes UP-TO-DATE
> Task :classes UP-TO-DATE
> Task :adapter-in:compileTestJava NO-SOURCE
> Task :adapter-in:processTestResources NO-SOURCE
> Task :adapter-in:testClasses UP-TO-DATE
> Task :compileTestJava NO-SOURCE
> Task :adapter-out:compileTestJava NO-SOURCE
> Task :bootstrap:compileTestJava NO-SOURCE
> Task :processTestResources NO-SOURCE
> Task :adapter-out:processTestResources NO-SOURCE
> Task :adapter-in:test NO-SOURCE
> Task :adapter-out:testClasses UP-TO-DATE
> Task :testClasses UP-TO-DATE
> Task :bootstrap:processTestResources NO-SOURCE
> Task :bootstrap:testClasses UP-TO-DATE
> Task :adapter-in:jacocoTestReport SKIPPED
> Task :test NO-SOURCE
> Task :adapter-out:test NO-SOURCE
> Task :bootstrap:test NO-SOURCE
> Task :adapter-out:jacocoTestReport SKIPPED
> Task :bootstrap:jacocoTestReport SKIPPED
> Task :adapter-out:persistence-mysql:processResources UP-TO-DATE
> Task :adapter-in:rest-api:processResources UP-TO-DATE
> Task :adapter-out:persistence-redis:processResources UP-TO-DATE
> Task :bootstrap:bootstrap-web-api:processResources UP-TO-DATE
> Task :bootstrap:bootstrap-web-api:processTestResources NO-SOURCE
> Task :adapter-out:persistence-redis:processTestResources NO-SOURCE
> Task :adapter-out:persistence-mysql:processTestFixturesResources NO-SOURCE
> Task :adapter-in:rest-api:processTestFixturesResources NO-SOURCE
> Task :adapter-out:persistence-mysql:processTestResources NO-SOURCE
> Task :adapter-in:rest-api:processTestResources NO-SOURCE
> Task :domain:compileJava UP-TO-DATE
> Task :domain:processResources NO-SOURCE
> Task :domain:classes UP-TO-DATE
> Task :domain:jar UP-TO-DATE
> Task :domain:compileTestFixturesJava UP-TO-DATE
> Task :domain:processTestFixturesResources NO-SOURCE
> Task :domain:testFixturesClasses UP-TO-DATE
> Task :domain:testFixturesJar UP-TO-DATE
> Task :application:compileJava UP-TO-DATE
> Task :application:classes UP-TO-DATE
> Task :application:jar UP-TO-DATE
> Task :application:compileTestFixturesJava UP-TO-DATE
> Task :application:testFixturesClasses UP-TO-DATE
> Task :application:testFixturesJar UP-TO-DATE
> Task :adapter-out:persistence-redis:compileJava UP-TO-DATE
> Task :adapter-out:persistence-redis:classes UP-TO-DATE
> Task :adapter-out:persistence-redis:jar UP-TO-DATE
> Task :domain:compileTestJava UP-TO-DATE
> Task :adapter-out:abac-cel:compileJava UP-TO-DATE
> Task :adapter-out:abac-cel:classes UP-TO-DATE
> Task :domain:processTestResources NO-SOURCE
> Task :domain:testClasses UP-TO-DATE
> Task :adapter-out:abac-cel:jar UP-TO-DATE
> Task :adapter-out:persistence-mysql:compileJava UP-TO-DATE
> Task :adapter-out:persistence-redis:compileTestJava UP-TO-DATE
> Task :adapter-out:persistence-mysql:classes UP-TO-DATE
> Task :adapter-out:persistence-redis:testClasses UP-TO-DATE
> Task :adapter-out:persistence-mysql:jar UP-TO-DATE
> Task :application:compileTestJava UP-TO-DATE
> Task :application:testClasses UP-TO-DATE
> Task :adapter-in:rest-api:compileJava UP-TO-DATE
> Task :adapter-in:rest-api:classes UP-TO-DATE
> Task :adapter-out:abac-cel:compileTestJava UP-TO-DATE
> Task :adapter-out:abac-cel:testClasses UP-TO-DATE
> Task :adapter-in:rest-api:jar UP-TO-DATE
> Task :adapter-out:persistence-mysql:compileTestFixturesJava UP-TO-DATE
> Task :adapter-out:persistence-mysql:testFixturesClasses UP-TO-DATE
> Task :domain:test UP-TO-DATE
> Task :adapter-in:rest-api:compileTestFixturesJava UP-TO-DATE
> Task :adapter-in:rest-api:testFixturesClasses UP-TO-DATE
> Task :adapter-out:persistence-mysql:testFixturesJar UP-TO-DATE
> Task :adapter-in:rest-api:testFixturesJar UP-TO-DATE
> Task :adapter-in:rest-api:compileTestJava NO-SOURCE
> Task :adapter-in:rest-api:testClasses UP-TO-DATE
> Task :adapter-in:rest-api:test NO-SOURCE
> Task :adapter-in:rest-api:jacocoTestReport SKIPPED
> Task :bootstrap:bootstrap-web-api:compileJava UP-TO-DATE
> Task :bootstrap:bootstrap-web-api:classes UP-TO-DATE
> Task :application:test UP-TO-DATE
> Task :domain:jacocoTestReport UP-TO-DATE
> Task :application:jacocoTestReport UP-TO-DATE

> Task :adapter-out:persistence-mysql:compileTestJava
/Users/sangwon-ryu/fileflow/adapter-out/persistence-mysql/src/test/java/com/ryuqq/fileflow/adapter/out/persistence/mysql/iam/organization/adapter/OrganizationQueryRepositoryAdapterTest.java:93: warning: [unchecked] unchecked conversion
            JPAQuery<OrganizationJpaEntity> jpaQuery = mock(JPAQuery.class);
                                                           ^
  required: JPAQuery<OrganizationJpaEntity>
  found:    JPAQuery
/Users/sangwon-ryu/fileflow/adapter-out/persistence-mysql/src/test/java/com/ryuqq/fileflow/adapter/out/persistence/mysql/iam/organization/adapter/OrganizationQueryRepositoryAdapterTest.java:114: warning: [unchecked] unchecked conversion
            JPAQuery<OrganizationJpaEntity> jpaQuery = mock(JPAQuery.class);
                                                           ^
  required: JPAQuery<OrganizationJpaEntity>
  found:    JPAQuery
/Users/sangwon-ryu/fileflow/adapter-out/persistence-mysql/src/test/java/com/ryuqq/fileflow/adapter/out/persistence/mysql/iam/organization/adapter/OrganizationQueryRepositoryAdapterTest.java:132: warning: [unchecked] unchecked conversion
            JPAQuery<OrganizationJpaEntity> jpaQuery = mock(JPAQuery.class);
                                                           ^
  required: JPAQuery<OrganizationJpaEntity>
  found:    JPAQuery
/Users/sangwon-ryu/fileflow/adapter-out/persistence-mysql/src/test/java/com/ryuqq/fileflow/adapter/out/persistence/mysql/iam/organization/adapter/OrganizationQueryRepositoryAdapterTest.java:164: warning: [unchecked] unchecked conversion
            JPAQuery<OrganizationJpaEntity> jpaQuery = mock(JPAQuery.class);
                                                           ^
  required: JPAQuery<OrganizationJpaEntity>
  found:    JPAQuery
/Users/sangwon-ryu/fileflow/adapter-out/persistence-mysql/src/test/java/com/ryuqq/fileflow/adapter/out/persistence/mysql/iam/organization/adapter/OrganizationQueryRepositoryAdapterTest.java:188: warning: [unchecked] unchecked conversion
            JPAQuery<OrganizationJpaEntity> jpaQuery = mock(JPAQuery.class);
                                                           ^
  required: JPAQuery<OrganizationJpaEntity>
  found:    JPAQuery
/Users/sangwon-ryu/fileflow/adapter-out/persistence-mysql/src/test/java/com/ryuqq/fileflow/adapter/out/persistence/mysql/iam/organization/adapter/OrganizationQueryRepositoryAdapterTest.java:211: warning: [unchecked] unchecked conversion
            JPAQuery<OrganizationJpaEntity> jpaQuery = mock(JPAQuery.class);
                                                           ^
  required: JPAQuery<OrganizationJpaEntity>
  found:    JPAQuery
/Users/sangwon-ryu/fileflow/adapter-out/persistence-mysql/src/test/java/com/ryuqq/fileflow/adapter/out/persistence/mysql/iam/organization/adapter/OrganizationQueryRepositoryAdapterTest.java:234: warning: [unchecked] unchecked conversion
            JPAQuery<OrganizationJpaEntity> jpaQuery = mock(JPAQuery.class);
                                                           ^
  required: JPAQuery<OrganizationJpaEntity>
  found:    JPAQuery
/Users/sangwon-ryu/fileflow/adapter-out/persistence-mysql/src/test/java/com/ryuqq/fileflow/adapter/out/persistence/mysql/iam/organization/adapter/OrganizationQueryRepositoryAdapterTest.java:258: warning: [unchecked] unchecked conversion
            JPAQuery<OrganizationJpaEntity> jpaQuery = mock(JPAQuery.class);
                                                           ^
  required: JPAQuery<OrganizationJpaEntity>
  found:    JPAQuery
/Users/sangwon-ryu/fileflow/adapter-out/persistence-mysql/src/test/java/com/ryuqq/fileflow/adapter/out/persistence/mysql/iam/organization/adapter/OrganizationQueryRepositoryAdapterTest.java:279: warning: [unchecked] unchecked conversion
            JPAQuery<OrganizationJpaEntity> jpaQuery = mock(JPAQuery.class);
                                                           ^
  required: JPAQuery<OrganizationJpaEntity>
  found:    JPAQuery
/Users/sangwon-ryu/fileflow/adapter-out/persistence-mysql/src/test/java/com/ryuqq/fileflow/adapter/out/persistence/mysql/iam/organization/adapter/OrganizationQueryRepositoryAdapterTest.java:303: warning: [unchecked] unchecked conversion
            JPAQuery<Long> countQuery = mock(JPAQuery.class);
                                            ^
  required: JPAQuery<Long>
  found:    JPAQuery
/Users/sangwon-ryu/fileflow/adapter-out/persistence-mysql/src/test/java/com/ryuqq/fileflow/adapter/out/persistence/mysql/iam/organization/adapter/OrganizationQueryRepositoryAdapterTest.java:304: warning: [unchecked] unchecked method invocation: method select in class JPAQueryFactory is applied to given types
            given(queryFactory.select(any(Expression.class))).willReturn(countQuery);
                                     ^
  required: Expression<T>
  found:    Expression
  where T is a type-variable:
    T extends Object declared in method <T>select(Expression<T>)
/Users/sangwon-ryu/fileflow/adapter-out/persistence-mysql/src/test/java/com/ryuqq/fileflow/adapter/out/persistence/mysql/iam/organization/adapter/OrganizationQueryRepositoryAdapterTest.java:304: warning: [unchecked] unchecked conversion
            given(queryFactory.select(any(Expression.class))).willReturn(countQuery);
                                         ^
  required: Expression<T>
  found:    Expression
  where T is a type-variable:
    T extends Object declared in method <T>select(Expression<T>)
/Users/sangwon-ryu/fileflow/adapter-out/persistence-mysql/src/test/java/com/ryuqq/fileflow/adapter/out/persistence/mysql/iam/organization/adapter/OrganizationQueryRepositoryAdapterTest.java:322: warning: [unchecked] unchecked conversion
            JPAQuery<Long> countQuery = mock(JPAQuery.class);
                                            ^
  required: JPAQuery<Long>
  found:    JPAQuery
/Users/sangwon-ryu/fileflow/adapter-out/persistence-mysql/src/test/java/com/ryuqq/fileflow/adapter/out/persistence/mysql/iam/organization/adapter/OrganizationQueryRepositoryAdapterTest.java:323: warning: [unchecked] unchecked method invocation: method select in class JPAQueryFactory is applied to given types
            given(queryFactory.select(any(Expression.class))).willReturn(countQuery);
                                     ^
  required: Expression<T>
  found:    Expression
  where T is a type-variable:
    T extends Object declared in method <T>select(Expression<T>)
/Users/sangwon-ryu/fileflow/adapter-out/persistence-mysql/src/test/java/com/ryuqq/fileflow/adapter/out/persistence/mysql/iam/organization/adapter/OrganizationQueryRepositoryAdapterTest.java:323: warning: [unchecked] unchecked conversion
            given(queryFactory.select(any(Expression.class))).willReturn(countQuery);
                                         ^
  required: Expression<T>
  found:    Expression
  where T is a type-variable:
    T extends Object declared in method <T>select(Expression<T>)
/Users/sangwon-ryu/fileflow/adapter-out/persistence-mysql/src/test/java/com/ryuqq/fileflow/adapter/out/persistence/mysql/iam/organization/adapter/OrganizationQueryRepositoryAdapterTest.java:339: warning: [unchecked] unchecked conversion
            JPAQuery<Long> countQuery = mock(JPAQuery.class);
                                            ^
  required: JPAQuery<Long>
  found:    JPAQuery
/Users/sangwon-ryu/fileflow/adapter-out/persistence-mysql/src/test/java/com/ryuqq/fileflow/adapter/out/persistence/mysql/iam/organization/adapter/OrganizationQueryRepositoryAdapterTest.java:340: warning: [unchecked] unchecked method invocation: method select in class JPAQueryFactory is applied to given types
            given(queryFactory.select(any(Expression.class))).willReturn(countQuery);
                                     ^
  required: Expression<T>
  found:    Expression
  where T is a type-variable:
    T extends Object declared in method <T>select(Expression<T>)
/Users/sangwon-ryu/fileflow/adapter-out/persistence-mysql/src/test/java/com/ryuqq/fileflow/adapter/out/persistence/mysql/iam/organization/adapter/OrganizationQueryRepositoryAdapterTest.java:340: warning: [unchecked] unchecked conversion
            given(queryFactory.select(any(Expression.class))).willReturn(countQuery);
                                         ^
  required: Expression<T>
  found:    Expression
  where T is a type-variable:
    T extends Object declared in method <T>select(Expression<T>)
/Users/sangwon-ryu/fileflow/adapter-out/persistence-mysql/src/test/java/com/ryuqq/fileflow/adapter/out/persistence/mysql/iam/organization/adapter/OrganizationQueryRepositoryAdapterTest.java:363: warning: [unchecked] unchecked conversion
            JPAQuery<OrganizationJpaEntity> jpaQuery = mock(JPAQuery.class);
                                                           ^
  required: JPAQuery<OrganizationJpaEntity>
  found:    JPAQuery
/Users/sangwon-ryu/fileflow/adapter-out/persistence-mysql/src/test/java/com/ryuqq/fileflow/adapter/out/persistence/mysql/iam/organization/adapter/OrganizationQueryRepositoryAdapterTest.java:385: warning: [unchecked] unchecked conversion
            JPAQuery<OrganizationJpaEntity> jpaQuery = mock(JPAQuery.class);
                                                           ^
  required: JPAQuery<OrganizationJpaEntity>
  found:    JPAQuery
/Users/sangwon-ryu/fileflow/adapter-out/persistence-mysql/src/test/java/com/ryuqq/fileflow/adapter/out/persistence/mysql/iam/organization/adapter/OrganizationQueryRepositoryAdapterTest.java:406: warning: [unchecked] unchecked conversion
            JPAQuery<OrganizationJpaEntity> jpaQuery = mock(JPAQuery.class);
                                                           ^
  required: JPAQuery<OrganizationJpaEntity>
  found:    JPAQuery
/Users/sangwon-ryu/fileflow/adapter-out/persistence-mysql/src/test/java/com/ryuqq/fileflow/adapter/out/persistence/mysql/iam/organization/adapter/OrganizationQueryRepositoryAdapterTest.java:424: warning: [unchecked] unchecked conversion
            JPAQuery<OrganizationJpaEntity> jpaQuery = mock(JPAQuery.class);
                                                           ^
  required: JPAQuery<OrganizationJpaEntity>
  found:    JPAQuery
/Users/sangwon-ryu/fileflow/adapter-out/persistence-mysql/src/test/java/com/ryuqq/fileflow/adapter/out/persistence/mysql/iam/tenant/adapter/TenantQueryRepositoryAdapterTest.java:90: warning: [unchecked] unchecked conversion
            JPAQuery<TenantJpaEntity> jpaQuery = mock(JPAQuery.class);
                                                     ^
  required: JPAQuery<TenantJpaEntity>
  found:    JPAQuery
/Users/sangwon-ryu/fileflow/adapter-out/persistence-mysql/src/test/java/com/ryuqq/fileflow/adapter/out/persistence/mysql/iam/tenant/adapter/TenantQueryRepositoryAdapterTest.java:92: error: reference to where is ambiguous
            given(jpaQuery.where(any())).willReturn(jpaQuery);
                          ^
  both method where(Predicate) in QueryBase and method where(Predicate...) in QueryBase match
  where Q is a type-variable:
    Q extends QueryBase<Q> declared in class QueryBase
/Users/sangwon-ryu/fileflow/adapter-out/persistence-mysql/src/test/java/com/ryuqq/fileflow/adapter/out/persistence/mysql/iam/tenant/adapter/TenantQueryRepositoryAdapterTest.java:109: error: cannot find symbol
            TenantId tenantId = TenantId.from(999L);
                                        ^
  symbol:   method from(long)
  location: class TenantId
/Users/sangwon-ryu/fileflow/adapter-out/persistence-mysql/src/test/java/com/ryuqq/fileflow/adapter/out/persistence/mysql/iam/tenant/adapter/TenantQueryRepositoryAdapterTest.java:111: warning: [unchecked] unchecked conversion
            JPAQuery<TenantJpaEntity> jpaQuery = mock(JPAQuery.class);
                                                     ^
  required: JPAQuery<TenantJpaEntity>
  found:    JPAQuery
/Users/sangwon-ryu/fileflow/adapter-out/persistence-mysql/src/test/java/com/ryuqq/fileflow/adapter/out/persistence/mysql/iam/tenant/adapter/TenantQueryRepositoryAdapterTest.java:113: error: reference to where is ambiguous
            given(jpaQuery.where(any())).willReturn(jpaQuery);
                          ^
  both method where(Predicate) in QueryBase and method where(Predicate...) in QueryBase match
  where Q is a type-variable:
    Q extends QueryBase<Q> declared in class QueryBase
/Users/sangwon-ryu/fileflow/adapter-out/persistence-mysql/src/test/java/com/ryuqq/fileflow/adapter/out/persistence/mysql/iam/tenant/adapter/TenantQueryRepositoryAdapterTest.java:127: error: cannot find symbol
            TenantId tenantId = TenantId.from(3L);
                                        ^
  symbol:   method from(long)
  location: class TenantId
/Users/sangwon-ryu/fileflow/adapter-out/persistence-mysql/src/test/java/com/ryuqq/fileflow/adapter/out/persistence/mysql/iam/tenant/adapter/TenantQueryRepositoryAdapterTest.java:129: warning: [unchecked] unchecked conversion
            JPAQuery<TenantJpaEntity> jpaQuery = mock(JPAQuery.class);
                                                     ^
  required: JPAQuery<TenantJpaEntity>
  found:    JPAQuery
/Users/sangwon-ryu/fileflow/adapter-out/persistence-mysql/src/test/java/com/ryuqq/fileflow/adapter/out/persistence/mysql/iam/tenant/adapter/TenantQueryRepositoryAdapterTest.java:131: error: reference to where is ambiguous
            given(jpaQuery.where(any())).willReturn(jpaQuery);
                          ^
  both method where(Predicate) in QueryBase and method where(Predicate...) in QueryBase match
  where Q is a type-variable:
    Q extends QueryBase<Q> declared in class QueryBase
/Users/sangwon-ryu/fileflow/adapter-out/persistence-mysql/src/test/java/com/ryuqq/fileflow/adapter/out/persistence/mysql/iam/tenant/adapter/TenantQueryRepositoryAdapterTest.java:161: warning: [unchecked] unchecked conversion
            JPAQuery<TenantJpaEntity> jpaQuery = mock(JPAQuery.class);
                                                     ^
  required: JPAQuery<TenantJpaEntity>
  found:    JPAQuery
/Users/sangwon-ryu/fileflow/adapter-out/persistence-mysql/src/test/java/com/ryuqq/fileflow/adapter/out/persistence/mysql/iam/tenant/adapter/TenantQueryRepositoryAdapterTest.java:163: error: reference to where is ambiguous
            given(jpaQuery.where(any())).willReturn(jpaQuery);
                          ^
  both method where(Predicate) in QueryBase and method where(Predicate...) in QueryBase match
  where Q is a type-variable:
    Q extends QueryBase<Q> declared in class QueryBase
/Users/sangwon-ryu/fileflow/adapter-out/persistence-mysql/src/test/java/com/ryuqq/fileflow/adapter/out/persistence/mysql/iam/tenant/adapter/TenantQueryRepositoryAdapterTest.java:164: error: reference to orderBy is ambiguous
            given(jpaQuery.orderBy(any())).willReturn(jpaQuery);
                          ^
  both method orderBy(OrderSpecifier<?>) in QueryBase and method orderBy(OrderSpecifier<?>...) in QueryBase match
  where Q is a type-variable:
    Q extends QueryBase<Q> declared in class QueryBase
/Users/sangwon-ryu/fileflow/adapter-out/persistence-mysql/src/test/java/com/ryuqq/fileflow/adapter/out/persistence/mysql/iam/tenant/adapter/TenantQueryRepositoryAdapterTest.java:185: warning: [unchecked] unchecked conversion
            JPAQuery<TenantJpaEntity> jpaQuery = mock(JPAQuery.class);
                                                     ^
  required: JPAQuery<TenantJpaEntity>
  found:    JPAQuery
/Users/sangwon-ryu/fileflow/adapter-out/persistence-mysql/src/test/java/com/ryuqq/fileflow/adapter/out/persistence/mysql/iam/tenant/adapter/TenantQueryRepositoryAdapterTest.java:187: error: reference to where is ambiguous
            given(jpaQuery.where(any())).willReturn(jpaQuery);
                          ^
  both method where(Predicate) in QueryBase and method where(Predicate...) in QueryBase match
  where Q is a type-variable:
    Q extends QueryBase<Q> declared in class QueryBase
/Users/sangwon-ryu/fileflow/adapter-out/persistence-mysql/src/test/java/com/ryuqq/fileflow/adapter/out/persistence/mysql/iam/tenant/adapter/TenantQueryRepositoryAdapterTest.java:188: error: reference to orderBy is ambiguous
            given(jpaQuery.orderBy(any())).willReturn(jpaQuery);
                          ^
  both method orderBy(OrderSpecifier<?>) in QueryBase and method orderBy(OrderSpecifier<?>...) in QueryBase match
  where Q is a type-variable:
    Q extends QueryBase<Q> declared in class QueryBase
/Users/sangwon-ryu/fileflow/adapter-out/persistence-mysql/src/test/java/com/ryuqq/fileflow/adapter/out/persistence/mysql/iam/tenant/adapter/TenantQueryRepositoryAdapterTest.java:207: warning: [unchecked] unchecked conversion
            JPAQuery<TenantJpaEntity> jpaQuery = mock(JPAQuery.class);
                                                     ^
  required: JPAQuery<TenantJpaEntity>
  found:    JPAQuery
/Users/sangwon-ryu/fileflow/adapter-out/persistence-mysql/src/test/java/com/ryuqq/fileflow/adapter/out/persistence/mysql/iam/tenant/adapter/TenantQueryRepositoryAdapterTest.java:209: error: reference to where is ambiguous
            given(jpaQuery.where(any())).willReturn(jpaQuery);
                          ^
  both method where(Predicate) in QueryBase and method where(Predicate...) in QueryBase match
  where Q is a type-variable:
    Q extends QueryBase<Q> declared in class QueryBase
/Users/sangwon-ryu/fileflow/adapter-out/persistence-mysql/src/test/java/com/ryuqq/fileflow/adapter/out/persistence/mysql/iam/tenant/adapter/TenantQueryRepositoryAdapterTest.java:210: error: reference to orderBy is ambiguous
            given(jpaQuery.orderBy(any())).willReturn(jpaQuery);
                          ^
  both method orderBy(OrderSpecifier<?>) in QueryBase and method orderBy(OrderSpecifier<?>...) in QueryBase match
  where Q is a type-variable:
    Q extends QueryBase<Q> declared in class QueryBase
/Users/sangwon-ryu/fileflow/adapter-out/persistence-mysql/src/test/java/com/ryuqq/fileflow/adapter/out/persistence/mysql/iam/tenant/adapter/TenantQueryRepositoryAdapterTest.java:231: warning: [unchecked] unchecked conversion
            JPAQuery<TenantJpaEntity> jpaQuery = mock(JPAQuery.class);
                                                     ^
  required: JPAQuery<TenantJpaEntity>
  found:    JPAQuery
/Users/sangwon-ryu/fileflow/adapter-out/persistence-mysql/src/test/java/com/ryuqq/fileflow/adapter/out/persistence/mysql/iam/tenant/adapter/TenantQueryRepositoryAdapterTest.java:233: error: reference to where is ambiguous
            given(jpaQuery.where(any())).willReturn(jpaQuery);
                          ^
  both method where(Predicate) in QueryBase and method where(Predicate...) in QueryBase match
  where Q is a type-variable:
    Q extends QueryBase<Q> declared in class QueryBase
/Users/sangwon-ryu/fileflow/adapter-out/persistence-mysql/src/test/java/com/ryuqq/fileflow/adapter/out/persistence/mysql/iam/tenant/adapter/TenantQueryRepositoryAdapterTest.java:234: error: reference to orderBy is ambiguous
            given(jpaQuery.orderBy(any())).willReturn(jpaQuery);
                          ^
  both method orderBy(OrderSpecifier<?>) in QueryBase and method orderBy(OrderSpecifier<?>...) in QueryBase match
  where Q is a type-variable:
    Q extends QueryBase<Q> declared in class QueryBase
/Users/sangwon-ryu/fileflow/adapter-out/persistence-mysql/src/test/java/com/ryuqq/fileflow/adapter/out/persistence/mysql/iam/tenant/adapter/TenantQueryRepositoryAdapterTest.java:252: warning: [unchecked] unchecked conversion
            JPAQuery<TenantJpaEntity> jpaQuery = mock(JPAQuery.class);
                                                     ^
  required: JPAQuery<TenantJpaEntity>
  found:    JPAQuery
/Users/sangwon-ryu/fileflow/adapter-out/persistence-mysql/src/test/java/com/ryuqq/fileflow/adapter/out/persistence/mysql/iam/tenant/adapter/TenantQueryRepositoryAdapterTest.java:254: error: reference to where is ambiguous
            given(jpaQuery.where(any())).willReturn(jpaQuery);
                          ^
  both method where(Predicate) in QueryBase and method where(Predicate...) in QueryBase match
  where Q is a type-variable:
    Q extends QueryBase<Q> declared in class QueryBase
/Users/sangwon-ryu/fileflow/adapter-out/persistence-mysql/src/test/java/com/ryuqq/fileflow/adapter/out/persistence/mysql/iam/tenant/adapter/TenantQueryRepositoryAdapterTest.java:255: error: reference to orderBy is ambiguous
            given(jpaQuery.orderBy(any())).willReturn(jpaQuery);
                          ^
  both method orderBy(OrderSpecifier<?>) in QueryBase and method orderBy(OrderSpecifier<?>...) in QueryBase match
  where Q is a type-variable:
    Q extends QueryBase<Q> declared in class QueryBase
/Users/sangwon-ryu/fileflow/adapter-out/persistence-mysql/src/test/java/com/ryuqq/fileflow/adapter/out/persistence/mysql/iam/tenant/adapter/TenantQueryRepositoryAdapterTest.java:276: warning: [unchecked] unchecked conversion
            JPAQuery<Long> countQuery = mock(JPAQuery.class);
                                            ^
  required: JPAQuery<Long>
  found:    JPAQuery
/Users/sangwon-ryu/fileflow/adapter-out/persistence-mysql/src/test/java/com/ryuqq/fileflow/adapter/out/persistence/mysql/iam/tenant/adapter/TenantQueryRepositoryAdapterTest.java:277: error: reference to select is ambiguous
            given(queryFactory.select(any())).willReturn(countQuery);
                              ^
  both method <T>select(Expression<T>) in JPAQueryFactory and method select(Expression<?>...) in JPAQueryFactory match
  where T is a type-variable:
    T extends Object declared in method <T>select(Expression<T>)
/Users/sangwon-ryu/fileflow/adapter-out/persistence-mysql/src/test/java/com/ryuqq/fileflow/adapter/out/persistence/mysql/iam/tenant/adapter/TenantQueryRepositoryAdapterTest.java:277: error: no suitable method found for willReturn(JPAQuery<Long>)
            given(queryFactory.select(any())).willReturn(countQuery);
                                             ^
    method BDDMyOngoingStubbing.willReturn(JPAQuery<Object>) is not applicable
      (argument mismatch; JPAQuery<Long> cannot be converted to JPAQuery<Object>)
    method BDDMyOngoingStubbing.willReturn(JPAQuery<Object>,JPAQuery<Object>...) is not applicable
      (argument mismatch; JPAQuery<Long> cannot be converted to JPAQuery<Object>)
/Users/sangwon-ryu/fileflow/adapter-out/persistence-mysql/src/test/java/com/ryuqq/fileflow/adapter/out/persistence/mysql/iam/tenant/adapter/TenantQueryRepositoryAdapterTest.java:279: error: reference to where is ambiguous
            given(countQuery.where(any())).willReturn(countQuery);
                            ^
  both method where(Predicate) in QueryBase and method where(Predicate...) in QueryBase match
  where Q is a type-variable:
    Q extends QueryBase<Q> declared in class QueryBase
/Users/sangwon-ryu/fileflow/adapter-out/persistence-mysql/src/test/java/com/ryuqq/fileflow/adapter/out/persistence/mysql/iam/tenant/adapter/TenantQueryRepositoryAdapterTest.java:295: warning: [unchecked] unchecked conversion
            JPAQuery<Long> countQuery = mock(JPAQuery.class);
                                            ^
  required: JPAQuery<Long>
  found:    JPAQuery
/Users/sangwon-ryu/fileflow/adapter-out/persistence-mysql/src/test/java/com/ryuqq/fileflow/adapter/out/persistence/mysql/iam/tenant/adapter/TenantQueryRepositoryAdapterTest.java:296: error: reference to select is ambiguous
            given(queryFactory.select(any())).willReturn(countQuery);
                              ^
  both method <T>select(Expression<T>) in JPAQueryFactory and method select(Expression<?>...) in JPAQueryFactory match
  where T is a type-variable:
    T extends Object declared in method <T>select(Expression<T>)
/Users/sangwon-ryu/fileflow/adapter-out/persistence-mysql/src/test/java/com/ryuqq/fileflow/adapter/out/persistence/mysql/iam/tenant/adapter/TenantQueryRepositoryAdapterTest.java:296: error: no suitable method found for willReturn(JPAQuery<Long>)
            given(queryFactory.select(any())).willReturn(countQuery);
                                             ^
    method BDDMyOngoingStubbing.willReturn(JPAQuery<Object>) is not applicable
      (argument mismatch; JPAQuery<Long> cannot be converted to JPAQuery<Object>)
    method BDDMyOngoingStubbing.willReturn(JPAQuery<Object>,JPAQuery<Object>...) is not applicable
      (argument mismatch; JPAQuery<Long> cannot be converted to JPAQuery<Object>)
/Users/sangwon-ryu/fileflow/adapter-out/persistence-mysql/src/test/java/com/ryuqq/fileflow/adapter/out/persistence/mysql/iam/tenant/adapter/TenantQueryRepositoryAdapterTest.java:298: error: reference to where is ambiguous
            given(countQuery.where(any())).willReturn(countQuery);
                            ^
  both method where(Predicate) in QueryBase and method where(Predicate...) in QueryBase match
  where Q is a type-variable:
    Q extends QueryBase<Q> declared in class QueryBase
/Users/sangwon-ryu/fileflow/adapter-out/persistence-mysql/src/test/java/com/ryuqq/fileflow/adapter/out/persistence/mysql/iam/tenant/adapter/TenantQueryRepositoryAdapterTest.java:312: warning: [unchecked] unchecked conversion
            JPAQuery<Long> countQuery = mock(JPAQuery.class);
                                            ^
  required: JPAQuery<Long>
  found:    JPAQuery
/Users/sangwon-ryu/fileflow/adapter-out/persistence-mysql/src/test/java/com/ryuqq/fileflow/adapter/out/persistence/mysql/iam/tenant/adapter/TenantQueryRepositoryAdapterTest.java:313: error: reference to select is ambiguous
            given(queryFactory.select(any())).willReturn(countQuery);
                              ^
  both method <T>select(Expression<T>) in JPAQueryFactory and method select(Expression<?>...) in JPAQueryFactory match
  where T is a type-variable:
    T extends Object declared in method <T>select(Expression<T>)
/Users/sangwon-ryu/fileflow/adapter-out/persistence-mysql/src/test/java/com/ryuqq/fileflow/adapter/out/persistence/mysql/iam/tenant/adapter/TenantQueryRepositoryAdapterTest.java:313: error: no suitable method found for willReturn(JPAQuery<Long>)
            given(queryFactory.select(any())).willReturn(countQuery);
                                             ^
    method BDDMyOngoingStubbing.willReturn(JPAQuery<Object>) is not applicable
      (argument mismatch; JPAQuery<Long> cannot be converted to JPAQuery<Object>)
    method BDDMyOngoingStubbing.willReturn(JPAQuery<Object>,JPAQuery<Object>...) is not applicable
      (argument mismatch; JPAQuery<Long> cannot be converted to JPAQuery<Object>)
/Users/sangwon-ryu/fileflow/adapter-out/persistence-mysql/src/test/java/com/ryuqq/fileflow/adapter/out/persistence/mysql/iam/tenant/adapter/TenantQueryRepositoryAdapterTest.java:315: error: reference to where is ambiguous
            given(countQuery.where(any())).willReturn(countQuery);
                            ^
  both method where(Predicate) in QueryBase and method where(Predicate...) in QueryBase match
  where Q is a type-variable:
    Q extends QueryBase<Q> declared in class QueryBase
/Users/sangwon-ryu/fileflow/adapter-out/persistence-mysql/src/test/java/com/ryuqq/fileflow/adapter/out/persistence/mysql/iam/tenant/adapter/TenantQueryRepositoryAdapterTest.java:336: warning: [unchecked] unchecked conversion
            JPAQuery<TenantJpaEntity> jpaQuery = mock(JPAQuery.class);
                                                     ^
  required: JPAQuery<TenantJpaEntity>
  found:    JPAQuery
/Users/sangwon-ryu/fileflow/adapter-out/persistence-mysql/src/test/java/com/ryuqq/fileflow/adapter/out/persistence/mysql/iam/tenant/adapter/TenantQueryRepositoryAdapterTest.java:338: error: reference to where is ambiguous
            given(jpaQuery.where(any())).willReturn(jpaQuery);
                          ^
  both method where(Predicate) in QueryBase and method where(Predicate...) in QueryBase match
  where Q is a type-variable:
    Q extends QueryBase<Q> declared in class QueryBase
/Users/sangwon-ryu/fileflow/adapter-out/persistence-mysql/src/test/java/com/ryuqq/fileflow/adapter/out/persistence/mysql/iam/tenant/adapter/TenantQueryRepositoryAdapterTest.java:358: warning: [unchecked] unchecked conversion
            JPAQuery<TenantJpaEntity> jpaQuery = mock(JPAQuery.class);
                                                     ^
  required: JPAQuery<TenantJpaEntity>
  found:    JPAQuery
/Users/sangwon-ryu/fileflow/adapter-out/persistence-mysql/src/test/java/com/ryuqq/fileflow/adapter/out/persistence/mysql/iam/tenant/adapter/TenantQueryRepositoryAdapterTest.java:360: error: reference to where is ambiguous
            given(jpaQuery.where(any())).willReturn(jpaQuery);
                          ^
  both method where(Predicate) in QueryBase and method where(Predicate...) in QueryBase match
  where Q is a type-variable:
    Q extends QueryBase<Q> declared in class QueryBase
/Users/sangwon-ryu/fileflow/adapter-out/persistence-mysql/src/test/java/com/ryuqq/fileflow/adapter/out/persistence/mysql/iam/tenant/adapter/TenantQueryRepositoryAdapterTest.java:379: warning: [unchecked] unchecked conversion
            JPAQuery<TenantJpaEntity> jpaQuery = mock(JPAQuery.class);
                                                     ^
  required: JPAQuery<TenantJpaEntity>
  found:    JPAQuery
/Users/sangwon-ryu/fileflow/adapter-out/persistence-mysql/src/test/java/com/ryuqq/fileflow/adapter/out/persistence/mysql/iam/tenant/adapter/TenantQueryRepositoryAdapterTest.java:381: error: reference to where is ambiguous
            given(jpaQuery.where(any())).willReturn(jpaQuery);
                          ^
  both method where(Predicate) in QueryBase and method where(Predicate...) in QueryBase match
  where Q is a type-variable:
    Q extends QueryBase<Q> declared in class QueryBase
/Users/sangwon-ryu/fileflow/adapter-out/persistence-mysql/src/test/java/com/ryuqq/fileflow/adapter/out/persistence/mysql/iam/tenant/adapter/TenantQueryRepositoryAdapterTest.java:397: warning: [unchecked] unchecked conversion
            JPAQuery<TenantJpaEntity> jpaQuery = mock(JPAQuery.class);
                                                     ^
  required: JPAQuery<TenantJpaEntity>
  found:    JPAQuery
/Users/sangwon-ryu/fileflow/adapter-out/persistence-mysql/src/test/java/com/ryuqq/fileflow/adapter/out/persistence/mysql/iam/tenant/adapter/TenantQueryRepositoryAdapterTest.java:399: error: reference to where is ambiguous
            given(jpaQuery.where(any())).willReturn(jpaQuery);
                          ^
  both method where(Predicate) in QueryBase and method where(Predicate...) in QueryBase match
  where Q is a type-variable:
    Q extends QueryBase<Q> declared in class QueryBase
28 errors
37 warnings

> Task :adapter-out:persistence-mysql:compileTestJava FAILED

> Task :bootstrap:bootstrap-web-api:compileTestJava
/Users/sangwon-ryu/fileflow/bootstrap/bootstrap-web-api/src/test/java/com/ryuqq/fileflow/adapter/rest/controller/iam/TenantControllerIntegrationTest.java:62: warning: [removal] MockBean in org.springframework.boot.test.mock.mockito has been deprecated and marked for removal
    @MockBean
     ^
/Users/sangwon-ryu/fileflow/bootstrap/bootstrap-web-api/src/test/java/com/ryuqq/fileflow/adapter/rest/controller/iam/TenantControllerIntegrationTest.java:65: warning: [removal] MockBean in org.springframework.boot.test.mock.mockito has been deprecated and marked for removal
    @MockBean
     ^
2 warnings
Java HotSpot(TM) 64-Bit Server VM warning: Sharing is only supported for boot loader classes because bootstrap classpath has been appended

> Task :adapter-out:abac-cel:test
Java HotSpot(TM) 64-Bit Server VM warning: Sharing is only supported for boot loader classes because bootstrap classpath has been appended
> Task :adapter-out:abac-cel:jacocoTestReport

> Task :adapter-out:persistence-redis:test

SettingsCacheAdapter 통합 테스트 > 캐시 키 생성 테스트 > 다른 orgId는 다른 캐시 키를 사용한다 FAILED
    java.lang.IllegalArgumentException at SettingsCacheAdapterTest.java:312

35 tests completed, 1 failed

> Task :adapter-out:persistence-redis:test FAILED

[Incubating] Problems report is available at: file:///Users/sangwon-ryu/fileflow/build/reports/problems/problems-report.html

FAILURE: Build completed with 2 failures.

1: Task failed with an exception.
-----------
* What went wrong:
Execution failed for task ':adapter-out:persistence-mysql:compileTestJava'.
> Compilation failed; see the compiler output below.
  /Users/sangwon-ryu/fileflow/adapter-out/persistence-mysql/src/test/java/com/ryuqq/fileflow/adapter/out/persistence/mysql/iam/tenant/adapter/TenantQueryRepositoryAdapterTest.java:92: error: reference to where is ambiguous
              given(jpaQuery.where(any())).willReturn(jpaQuery);
                            ^
    both method where(Predicate) in QueryBase and method where(Predicate...) in QueryBase match
    where Q is a type-variable:
      Q extends QueryBase<Q> declared in class QueryBase
  /Users/sangwon-ryu/fileflow/adapter-out/persistence-mysql/src/test/java/com/ryuqq/fileflow/adapter/out/persistence/mysql/iam/tenant/adapter/TenantQueryRepositoryAdapterTest.java:113: error: reference to where is ambiguous
              given(jpaQuery.where(any())).willReturn(jpaQuery);
                            ^
    both method where(Predicate) in QueryBase and method where(Predicate...) in QueryBase match
    where Q is a type-variable:
      Q extends QueryBase<Q> declared in class QueryBase
  /Users/sangwon-ryu/fileflow/adapter-out/persistence-mysql/src/test/java/com/ryuqq/fileflow/adapter/out/persistence/mysql/iam/tenant/adapter/TenantQueryRepositoryAdapterTest.java:131: error: reference to where is ambiguous
              given(jpaQuery.where(any())).willReturn(jpaQuery);
                            ^
    both method where(Predicate) in QueryBase and method where(Predicate...) in QueryBase match
    where Q is a type-variable:
      Q extends QueryBase<Q> declared in class QueryBase
  /Users/sangwon-ryu/fileflow/adapter-out/persistence-mysql/src/test/java/com/ryuqq/fileflow/adapter/out/persistence/mysql/iam/tenant/adapter/TenantQueryRepositoryAdapterTest.java:163: error: reference to where is ambiguous
              given(jpaQuery.where(any())).willReturn(jpaQuery);
                            ^
    both method where(Predicate) in QueryBase and method where(Predicate...) in QueryBase match
    where Q is a type-variable:
      Q extends QueryBase<Q> declared in class QueryBase
  /Users/sangwon-ryu/fileflow/adapter-out/persistence-mysql/src/test/java/com/ryuqq/fileflow/adapter/out/persistence/mysql/iam/tenant/adapter/TenantQueryRepositoryAdapterTest.java:164: error: reference to orderBy is ambiguous
              given(jpaQuery.orderBy(any())).willReturn(jpaQuery);
                            ^
    both method orderBy(OrderSpecifier<?>) in QueryBase and method orderBy(OrderSpecifier<?>...) in QueryBase match
    where Q is a type-variable:
      Q extends QueryBase<Q> declared in class QueryBase
  /Users/sangwon-ryu/fileflow/adapter-out/persistence-mysql/src/test/java/com/ryuqq/fileflow/adapter/out/persistence/mysql/iam/tenant/adapter/TenantQueryRepositoryAdapterTest.java:187: error: reference to where is ambiguous
              given(jpaQuery.where(any())).willReturn(jpaQuery);
                            ^
    both method where(Predicate) in QueryBase and method where(Predicate...) in QueryBase match
    where Q is a type-variable:
      Q extends QueryBase<Q> declared in class QueryBase
  /Users/sangwon-ryu/fileflow/adapter-out/persistence-mysql/src/test/java/com/ryuqq/fileflow/adapter/out/persistence/mysql/iam/tenant/adapter/TenantQueryRepositoryAdapterTest.java:188: error: reference to orderBy is ambiguous
              given(jpaQuery.orderBy(any())).willReturn(jpaQuery);
                            ^
    both method orderBy(OrderSpecifier<?>) in QueryBase and method orderBy(OrderSpecifier<?>...) in QueryBase match
    where Q is a type-variable:
      Q extends QueryBase<Q> declared in class QueryBase
  /Users/sangwon-ryu/fileflow/adapter-out/persistence-mysql/src/test/java/com/ryuqq/fileflow/adapter/out/persistence/mysql/iam/tenant/adapter/TenantQueryRepositoryAdapterTest.java:209: error: reference to where is ambiguous
              given(jpaQuery.where(any())).willReturn(jpaQuery);
                            ^
    both method where(Predicate) in QueryBase and method where(Predicate...) in QueryBase match
    where Q is a type-variable:
      Q extends QueryBase<Q> declared in class QueryBase
  /Users/sangwon-ryu/fileflow/adapter-out/persistence-mysql/src/test/java/com/ryuqq/fileflow/adapter/out/persistence/mysql/iam/tenant/adapter/TenantQueryRepositoryAdapterTest.java:210: error: reference to orderBy is ambiguous
              given(jpaQuery.orderBy(any())).willReturn(jpaQuery);
                            ^
    both method orderBy(OrderSpecifier<?>) in QueryBase and method orderBy(OrderSpecifier<?>...) in QueryBase match
    where Q is a type-variable:
      Q extends QueryBase<Q> declared in class QueryBase
  /Users/sangwon-ryu/fileflow/adapter-out/persistence-mysql/src/test/java/com/ryuqq/fileflow/adapter/out/persistence/mysql/iam/tenant/adapter/TenantQueryRepositoryAdapterTest.java:233: error: reference to where is ambiguous
              given(jpaQuery.where(any())).willReturn(jpaQuery);
                            ^
    both method where(Predicate) in QueryBase and method where(Predicate...) in QueryBase match
    where Q is a type-variable:
      Q extends QueryBase<Q> declared in class QueryBase
  /Users/sangwon-ryu/fileflow/adapter-out/persistence-mysql/src/test/java/com/ryuqq/fileflow/adapter/out/persistence/mysql/iam/tenant/adapter/TenantQueryRepositoryAdapterTest.java:234: error: reference to orderBy is ambiguous
              given(jpaQuery.orderBy(any())).willReturn(jpaQuery);
                            ^
    both method orderBy(OrderSpecifier<?>) in QueryBase and method orderBy(OrderSpecifier<?>...) in QueryBase match
    where Q is a type-variable:
      Q extends QueryBase<Q> declared in class QueryBase
  /Users/sangwon-ryu/fileflow/adapter-out/persistence-mysql/src/test/java/com/ryuqq/fileflow/adapter/out/persistence/mysql/iam/tenant/adapter/TenantQueryRepositoryAdapterTest.java:254: error: reference to where is ambiguous
              given(jpaQuery.where(any())).willReturn(jpaQuery);
                            ^
    both method where(Predicate) in QueryBase and method where(Predicate...) in QueryBase match
    where Q is a type-variable:
      Q extends QueryBase<Q> declared in class QueryBase
  /Users/sangwon-ryu/fileflow/adapter-out/persistence-mysql/src/test/java/com/ryuqq/fileflow/adapter/out/persistence/mysql/iam/tenant/adapter/TenantQueryRepositoryAdapterTest.java:255: error: reference to orderBy is ambiguous
              given(jpaQuery.orderBy(any())).willReturn(jpaQuery);
                            ^
    both method orderBy(OrderSpecifier<?>) in QueryBase and method orderBy(OrderSpecifier<?>...) in QueryBase match
    where Q is a type-variable:
      Q extends QueryBase<Q> declared in class QueryBase
  /Users/sangwon-ryu/fileflow/adapter-out/persistence-mysql/src/test/java/com/ryuqq/fileflow/adapter/out/persistence/mysql/iam/tenant/adapter/TenantQueryRepositoryAdapterTest.java:277: error: reference to select is ambiguous
              given(queryFactory.select(any())).willReturn(countQuery);
                                ^
    both method <T>select(Expression<T>) in JPAQueryFactory and method select(Expression<?>...) in JPAQueryFactory match
    where T is a type-variable:
      T extends Object declared in method <T>select(Expression<T>)
  /Users/sangwon-ryu/fileflow/adapter-out/persistence-mysql/src/test/java/com/ryuqq/fileflow/adapter/out/persistence/mysql/iam/tenant/adapter/TenantQueryRepositoryAdapterTest.java:279: error: reference to where is ambiguous
              given(countQuery.where(any())).willReturn(countQuery);
                              ^
    both method where(Predicate) in QueryBase and method where(Predicate...) in QueryBase match
    where Q is a type-variable:
      Q extends QueryBase<Q> declared in class QueryBase
  /Users/sangwon-ryu/fileflow/adapter-out/persistence-mysql/src/test/java/com/ryuqq/fileflow/adapter/out/persistence/mysql/iam/tenant/adapter/TenantQueryRepositoryAdapterTest.java:296: error: reference to select is ambiguous
              given(queryFactory.select(any())).willReturn(countQuery);
                                ^
    both method <T>select(Expression<T>) in JPAQueryFactory and method select(Expression<?>...) in JPAQueryFactory match
    where T is a type-variable:
      T extends Object declared in method <T>select(Expression<T>)
  /Users/sangwon-ryu/fileflow/adapter-out/persistence-mysql/src/test/java/com/ryuqq/fileflow/adapter/out/persistence/mysql/iam/tenant/adapter/TenantQueryRepositoryAdapterTest.java:298: error: reference to where is ambiguous
              given(countQuery.where(any())).willReturn(countQuery);
                              ^
    both method where(Predicate) in QueryBase and method where(Predicate...) in QueryBase match
    where Q is a type-variable:
      Q extends QueryBase<Q> declared in class QueryBase
  /Users/sangwon-ryu/fileflow/adapter-out/persistence-mysql/src/test/java/com/ryuqq/fileflow/adapter/out/persistence/mysql/iam/tenant/adapter/TenantQueryRepositoryAdapterTest.java:313: error: reference to select is ambiguous
              given(queryFactory.select(any())).willReturn(countQuery);
                                ^
    both method <T>select(Expression<T>) in JPAQueryFactory and method select(Expression<?>...) in JPAQueryFactory match
    where T is a type-variable:
      T extends Object declared in method <T>select(Expression<T>)
  /Users/sangwon-ryu/fileflow/adapter-out/persistence-mysql/src/test/java/com/ryuqq/fileflow/adapter/out/persistence/mysql/iam/tenant/adapter/TenantQueryRepositoryAdapterTest.java:315: error: reference to where is ambiguous
              given(countQuery.where(any())).willReturn(countQuery);
                              ^
    both method where(Predicate) in QueryBase and method where(Predicate...) in QueryBase match
    where Q is a type-variable:
      Q extends QueryBase<Q> declared in class QueryBase
  /Users/sangwon-ryu/fileflow/adapter-out/persistence-mysql/src/test/java/com/ryuqq/fileflow/adapter/out/persistence/mysql/iam/tenant/adapter/TenantQueryRepositoryAdapterTest.java:338: error: reference to where is ambiguous
              given(jpaQuery.where(any())).willReturn(jpaQuery);
                            ^
    both method where(Predicate) in QueryBase and method where(Predicate...) in QueryBase match
    where Q is a type-variable:
      Q extends QueryBase<Q> declared in class QueryBase
  /Users/sangwon-ryu/fileflow/adapter-out/persistence-mysql/src/test/java/com/ryuqq/fileflow/adapter/out/persistence/mysql/iam/tenant/adapter/TenantQueryRepositoryAdapterTest.java:360: error: reference to where is ambiguous
              given(jpaQuery.where(any())).willReturn(jpaQuery);
                            ^
    both method where(Predicate) in QueryBase and method where(Predicate...) in QueryBase match
    where Q is a type-variable:
      Q extends QueryBase<Q> declared in class QueryBase
  /Users/sangwon-ryu/fileflow/adapter-out/persistence-mysql/src/test/java/com/ryuqq/fileflow/adapter/out/persistence/mysql/iam/tenant/adapter/TenantQueryRepositoryAdapterTest.java:381: error: reference to where is ambiguous
              given(jpaQuery.where(any())).willReturn(jpaQuery);
                            ^
    both method where(Predicate) in QueryBase and method where(Predicate...) in QueryBase match
    where Q is a type-variable:
      Q extends QueryBase<Q> declared in class QueryBase
  /Users/sangwon-ryu/fileflow/adapter-out/persistence-mysql/src/test/java/com/ryuqq/fileflow/adapter/out/persistence/mysql/iam/tenant/adapter/TenantQueryRepositoryAdapterTest.java:399: error: reference to where is ambiguous
              given(jpaQuery.where(any())).willReturn(jpaQuery);
                            ^
    both method where(Predicate) in QueryBase and method where(Predicate...) in QueryBase match
    where Q is a type-variable:
      Q extends QueryBase<Q> declared in class QueryBase
  /Users/sangwon-ryu/fileflow/adapter-out/persistence-mysql/src/test/java/com/ryuqq/fileflow/adapter/out/persistence/mysql/iam/organization/adapter/OrganizationQueryRepositoryAdapterTest.java:304: warning: [unchecked] unchecked method invocation: method select in class JPAQueryFactory is applied to given types
              given(queryFactory.select(any(Expression.class))).willReturn(countQuery);
                                       ^
    required: Expression<T>
    found:    Expression
    where T is a type-variable:
      T extends Object declared in method <T>select(Expression<T>)
  /Users/sangwon-ryu/fileflow/adapter-out/persistence-mysql/src/test/java/com/ryuqq/fileflow/adapter/out/persistence/mysql/iam/organization/adapter/OrganizationQueryRepositoryAdapterTest.java:323: warning: [unchecked] unchecked method invocation: method select in class JPAQueryFactory is applied to given types
              given(queryFactory.select(any(Expression.class))).willReturn(countQuery);
                                       ^
    required: Expression<T>
    found:    Expression
    where T is a type-variable:
      T extends Object declared in method <T>select(Expression<T>)
  /Users/sangwon-ryu/fileflow/adapter-out/persistence-mysql/src/test/java/com/ryuqq/fileflow/adapter/out/persistence/mysql/iam/organization/adapter/OrganizationQueryRepositoryAdapterTest.java:340: warning: [unchecked] unchecked method invocation: method select in class JPAQueryFactory is applied to given types
              given(queryFactory.select(any(Expression.class))).willReturn(countQuery);
                                       ^
    required: Expression<T>
    found:    Expression
    where T is a type-variable:
      T extends Object declared in method <T>select(Expression<T>)
  /Users/sangwon-ryu/fileflow/adapter-out/persistence-mysql/src/test/java/com/ryuqq/fileflow/adapter/out/persistence/mysql/iam/tenant/adapter/TenantQueryRepositoryAdapterTest.java:277: error: no suitable method found for willReturn(JPAQuery<Long>)
              given(queryFactory.select(any())).willReturn(countQuery);
                                               ^
      method BDDMyOngoingStubbing.willReturn(JPAQuery<Object>) is not applicable
        (argument mismatch; JPAQuery<Long> cannot be converted to JPAQuery<Object>)
      method BDDMyOngoingStubbing.willReturn(JPAQuery<Object>,JPAQuery<Object>...) is not applicable
        (argument mismatch; JPAQuery<Long> cannot be converted to JPAQuery<Object>)
  /Users/sangwon-ryu/fileflow/adapter-out/persistence-mysql/src/test/java/com/ryuqq/fileflow/adapter/out/persistence/mysql/iam/tenant/adapter/TenantQueryRepositoryAdapterTest.java:296: error: no suitable method found for willReturn(JPAQuery<Long>)
              given(queryFactory.select(any())).willReturn(countQuery);
                                               ^
      method BDDMyOngoingStubbing.willReturn(JPAQuery<Object>) is not applicable
        (argument mismatch; JPAQuery<Long> cannot be converted to JPAQuery<Object>)
      method BDDMyOngoingStubbing.willReturn(JPAQuery<Object>,JPAQuery<Object>...) is not applicable
        (argument mismatch; JPAQuery<Long> cannot be converted to JPAQuery<Object>)
  /Users/sangwon-ryu/fileflow/adapter-out/persistence-mysql/src/test/java/com/ryuqq/fileflow/adapter/out/persistence/mysql/iam/tenant/adapter/TenantQueryRepositoryAdapterTest.java:313: error: no suitable method found for willReturn(JPAQuery<Long>)
              given(queryFactory.select(any())).willReturn(countQuery);
                                               ^
      method BDDMyOngoingStubbing.willReturn(JPAQuery<Object>) is not applicable
        (argument mismatch; JPAQuery<Long> cannot be converted to JPAQuery<Object>)
      method BDDMyOngoingStubbing.willReturn(JPAQuery<Object>,JPAQuery<Object>...) is not applicable
        (argument mismatch; JPAQuery<Long> cannot be converted to JPAQuery<Object>)
  /Users/sangwon-ryu/fileflow/adapter-out/persistence-mysql/src/test/java/com/ryuqq/fileflow/adapter/out/persistence/mysql/iam/organization/adapter/OrganizationQueryRepositoryAdapterTest.java:93: warning: [unchecked] unchecked conversion
              JPAQuery<OrganizationJpaEntity> jpaQuery = mock(JPAQuery.class);
                                                             ^
    required: JPAQuery<OrganizationJpaEntity>
    found:    JPAQuery
  /Users/sangwon-ryu/fileflow/adapter-out/persistence-mysql/src/test/java/com/ryuqq/fileflow/adapter/out/persistence/mysql/iam/organization/adapter/OrganizationQueryRepositoryAdapterTest.java:114: warning: [unchecked] unchecked conversion
              JPAQuery<OrganizationJpaEntity> jpaQuery = mock(JPAQuery.class);
                                                             ^
    required: JPAQuery<OrganizationJpaEntity>
    found:    JPAQuery
  /Users/sangwon-ryu/fileflow/adapter-out/persistence-mysql/src/test/java/com/ryuqq/fileflow/adapter/out/persistence/mysql/iam/organization/adapter/OrganizationQueryRepositoryAdapterTest.java:132: warning: [unchecked] unchecked conversion
              JPAQuery<OrganizationJpaEntity> jpaQuery = mock(JPAQuery.class);
                                                             ^
    required: JPAQuery<OrganizationJpaEntity>
    found:    JPAQuery
  /Users/sangwon-ryu/fileflow/adapter-out/persistence-mysql/src/test/java/com/ryuqq/fileflow/adapter/out/persistence/mysql/iam/organization/adapter/OrganizationQueryRepositoryAdapterTest.java:164: warning: [unchecked] unchecked conversion
              JPAQuery<OrganizationJpaEntity> jpaQuery = mock(JPAQuery.class);
                                                             ^
    required: JPAQuery<OrganizationJpaEntity>
    found:    JPAQuery
  /Users/sangwon-ryu/fileflow/adapter-out/persistence-mysql/src/test/java/com/ryuqq/fileflow/adapter/out/persistence/mysql/iam/organization/adapter/OrganizationQueryRepositoryAdapterTest.java:188: warning: [unchecked] unchecked conversion
              JPAQuery<OrganizationJpaEntity> jpaQuery = mock(JPAQuery.class);
                                                             ^
    required: JPAQuery<OrganizationJpaEntity>
    found:    JPAQuery
  /Users/sangwon-ryu/fileflow/adapter-out/persistence-mysql/src/test/java/com/ryuqq/fileflow/adapter/out/persistence/mysql/iam/organization/adapter/OrganizationQueryRepositoryAdapterTest.java:211: warning: [unchecked] unchecked conversion
              JPAQuery<OrganizationJpaEntity> jpaQuery = mock(JPAQuery.class);
                                                             ^
    required: JPAQuery<OrganizationJpaEntity>
    found:    JPAQuery
  /Users/sangwon-ryu/fileflow/adapter-out/persistence-mysql/src/test/java/com/ryuqq/fileflow/adapter/out/persistence/mysql/iam/organization/adapter/OrganizationQueryRepositoryAdapterTest.java:234: warning: [unchecked] unchecked conversion
              JPAQuery<OrganizationJpaEntity> jpaQuery = mock(JPAQuery.class);
                                                             ^
    required: JPAQuery<OrganizationJpaEntity>
    found:    JPAQuery
  /Users/sangwon-ryu/fileflow/adapter-out/persistence-mysql/src/test/java/com/ryuqq/fileflow/adapter/out/persistence/mysql/iam/organization/adapter/OrganizationQueryRepositoryAdapterTest.java:258: warning: [unchecked] unchecked conversion
              JPAQuery<OrganizationJpaEntity> jpaQuery = mock(JPAQuery.class);
                                                             ^
    required: JPAQuery<OrganizationJpaEntity>
    found:    JPAQuery
  /Users/sangwon-ryu/fileflow/adapter-out/persistence-mysql/src/test/java/com/ryuqq/fileflow/adapter/out/persistence/mysql/iam/organization/adapter/OrganizationQueryRepositoryAdapterTest.java:279: warning: [unchecked] unchecked conversion
              JPAQuery<OrganizationJpaEntity> jpaQuery = mock(JPAQuery.class);
                                                             ^
    required: JPAQuery<OrganizationJpaEntity>
    found:    JPAQuery
  /Users/sangwon-ryu/fileflow/adapter-out/persistence-mysql/src/test/java/com/ryuqq/fileflow/adapter/out/persistence/mysql/iam/organization/adapter/OrganizationQueryRepositoryAdapterTest.java:303: warning: [unchecked] unchecked conversion
              JPAQuery<Long> countQuery = mock(JPAQuery.class);
                                              ^
    required: JPAQuery<Long>
    found:    JPAQuery
  /Users/sangwon-ryu/fileflow/adapter-out/persistence-mysql/src/test/java/com/ryuqq/fileflow/adapter/out/persistence/mysql/iam/organization/adapter/OrganizationQueryRepositoryAdapterTest.java:304: warning: [unchecked] unchecked conversion
              given(queryFactory.select(any(Expression.class))).willReturn(countQuery);
                                           ^
    required: Expression<T>
    found:    Expression
    where T is a type-variable:
      T extends Object declared in method <T>select(Expression<T>)
  /Users/sangwon-ryu/fileflow/adapter-out/persistence-mysql/src/test/java/com/ryuqq/fileflow/adapter/out/persistence/mysql/iam/organization/adapter/OrganizationQueryRepositoryAdapterTest.java:322: warning: [unchecked] unchecked conversion
              JPAQuery<Long> countQuery = mock(JPAQuery.class);
                                              ^
    required: JPAQuery<Long>
    found:    JPAQuery
  /Users/sangwon-ryu/fileflow/adapter-out/persistence-mysql/src/test/java/com/ryuqq/fileflow/adapter/out/persistence/mysql/iam/organization/adapter/OrganizationQueryRepositoryAdapterTest.java:323: warning: [unchecked] unchecked conversion
              given(queryFactory.select(any(Expression.class))).willReturn(countQuery);
                                           ^
    required: Expression<T>
    found:    Expression
    where T is a type-variable:
      T extends Object declared in method <T>select(Expression<T>)
  /Users/sangwon-ryu/fileflow/adapter-out/persistence-mysql/src/test/java/com/ryuqq/fileflow/adapter/out/persistence/mysql/iam/organization/adapter/OrganizationQueryRepositoryAdapterTest.java:339: warning: [unchecked] unchecked conversion
              JPAQuery<Long> countQuery = mock(JPAQuery.class);
                                              ^
    required: JPAQuery<Long>
    found:    JPAQuery
  /Users/sangwon-ryu/fileflow/adapter-out/persistence-mysql/src/test/java/com/ryuqq/fileflow/adapter/out/persistence/mysql/iam/organization/adapter/OrganizationQueryRepositoryAdapterTest.java:340: warning: [unchecked] unchecked conversion
              given(queryFactory.select(any(Expression.class))).willReturn(countQuery);
                                           ^
    required: Expression<T>
    found:    Expression
    where T is a type-variable:
      T extends Object declared in method <T>select(Expression<T>)
  /Users/sangwon-ryu/fileflow/adapter-out/persistence-mysql/src/test/java/com/ryuqq/fileflow/adapter/out/persistence/mysql/iam/organization/adapter/OrganizationQueryRepositoryAdapterTest.java:363: warning: [unchecked] unchecked conversion
              JPAQuery<OrganizationJpaEntity> jpaQuery = mock(JPAQuery.class);
                                                             ^
    required: JPAQuery<OrganizationJpaEntity>
    found:    JPAQuery
  /Users/sangwon-ryu/fileflow/adapter-out/persistence-mysql/src/test/java/com/ryuqq/fileflow/adapter/out/persistence/mysql/iam/organization/adapter/OrganizationQueryRepositoryAdapterTest.java:385: warning: [unchecked] unchecked conversion
              JPAQuery<OrganizationJpaEntity> jpaQuery = mock(JPAQuery.class);
                                                             ^
    required: JPAQuery<OrganizationJpaEntity>
    found:    JPAQuery
  /Users/sangwon-ryu/fileflow/adapter-out/persistence-mysql/src/test/java/com/ryuqq/fileflow/adapter/out/persistence/mysql/iam/organization/adapter/OrganizationQueryRepositoryAdapterTest.java:406: warning: [unchecked] unchecked conversion
              JPAQuery<OrganizationJpaEntity> jpaQuery = mock(JPAQuery.class);
                                                             ^
    required: JPAQuery<OrganizationJpaEntity>
    found:    JPAQuery
  /Users/sangwon-ryu/fileflow/adapter-out/persistence-mysql/src/test/java/com/ryuqq/fileflow/adapter/out/persistence/mysql/iam/organization/adapter/OrganizationQueryRepositoryAdapterTest.java:424: warning: [unchecked] unchecked conversion
              JPAQuery<OrganizationJpaEntity> jpaQuery = mock(JPAQuery.class);
                                                             ^
    required: JPAQuery<OrganizationJpaEntity>
    found:    JPAQuery
  /Users/sangwon-ryu/fileflow/adapter-out/persistence-mysql/src/test/java/com/ryuqq/fileflow/adapter/out/persistence/mysql/iam/tenant/adapter/TenantQueryRepositoryAdapterTest.java:90: warning: [unchecked] unchecked conversion
              JPAQuery<TenantJpaEntity> jpaQuery = mock(JPAQuery.class);
                                                       ^
    required: JPAQuery<TenantJpaEntity>
    found:    JPAQuery
  /Users/sangwon-ryu/fileflow/adapter-out/persistence-mysql/src/test/java/com/ryuqq/fileflow/adapter/out/persistence/mysql/iam/tenant/adapter/TenantQueryRepositoryAdapterTest.java:111: warning: [unchecked] unchecked conversion
              JPAQuery<TenantJpaEntity> jpaQuery = mock(JPAQuery.class);
                                                       ^
    required: JPAQuery<TenantJpaEntity>
    found:    JPAQuery
  /Users/sangwon-ryu/fileflow/adapter-out/persistence-mysql/src/test/java/com/ryuqq/fileflow/adapter/out/persistence/mysql/iam/tenant/adapter/TenantQueryRepositoryAdapterTest.java:129: warning: [unchecked] unchecked conversion
              JPAQuery<TenantJpaEntity> jpaQuery = mock(JPAQuery.class);
                                                       ^
    required: JPAQuery<TenantJpaEntity>
    found:    JPAQuery
  /Users/sangwon-ryu/fileflow/adapter-out/persistence-mysql/src/test/java/com/ryuqq/fileflow/adapter/out/persistence/mysql/iam/tenant/adapter/TenantQueryRepositoryAdapterTest.java:161: warning: [unchecked] unchecked conversion
              JPAQuery<TenantJpaEntity> jpaQuery = mock(JPAQuery.class);
                                                       ^
    required: JPAQuery<TenantJpaEntity>
    found:    JPAQuery
  /Users/sangwon-ryu/fileflow/adapter-out/persistence-mysql/src/test/java/com/ryuqq/fileflow/adapter/out/persistence/mysql/iam/tenant/adapter/TenantQueryRepositoryAdapterTest.java:185: warning: [unchecked] unchecked conversion
              JPAQuery<TenantJpaEntity> jpaQuery = mock(JPAQuery.class);
                                                       ^
    required: JPAQuery<TenantJpaEntity>
    found:    JPAQuery
  /Users/sangwon-ryu/fileflow/adapter-out/persistence-mysql/src/test/java/com/ryuqq/fileflow/adapter/out/persistence/mysql/iam/tenant/adapter/TenantQueryRepositoryAdapterTest.java:207: warning: [unchecked] unchecked conversion
              JPAQuery<TenantJpaEntity> jpaQuery = mock(JPAQuery.class);
                                                       ^
    required: JPAQuery<TenantJpaEntity>
    found:    JPAQuery
  /Users/sangwon-ryu/fileflow/adapter-out/persistence-mysql/src/test/java/com/ryuqq/fileflow/adapter/out/persistence/mysql/iam/tenant/adapter/TenantQueryRepositoryAdapterTest.java:231: warning: [unchecked] unchecked conversion
              JPAQuery<TenantJpaEntity> jpaQuery = mock(JPAQuery.class);
                                                       ^
    required: JPAQuery<TenantJpaEntity>
    found:    JPAQuery
  /Users/sangwon-ryu/fileflow/adapter-out/persistence-mysql/src/test/java/com/ryuqq/fileflow/adapter/out/persistence/mysql/iam/tenant/adapter/TenantQueryRepositoryAdapterTest.java:252: warning: [unchecked] unchecked conversion
              JPAQuery<TenantJpaEntity> jpaQuery = mock(JPAQuery.class);
                                                       ^
    required: JPAQuery<TenantJpaEntity>
    found:    JPAQuery
  /Users/sangwon-ryu/fileflow/adapter-out/persistence-mysql/src/test/java/com/ryuqq/fileflow/adapter/out/persistence/mysql/iam/tenant/adapter/TenantQueryRepositoryAdapterTest.java:276: warning: [unchecked] unchecked conversion
              JPAQuery<Long> countQuery = mock(JPAQuery.class);
                                              ^
    required: JPAQuery<Long>
    found:    JPAQuery
  /Users/sangwon-ryu/fileflow/adapter-out/persistence-mysql/src/test/java/com/ryuqq/fileflow/adapter/out/persistence/mysql/iam/tenant/adapter/TenantQueryRepositoryAdapterTest.java:295: warning: [unchecked] unchecked conversion
              JPAQuery<Long> countQuery = mock(JPAQuery.class);
                                              ^
    required: JPAQuery<Long>
    found:    JPAQuery
  /Users/sangwon-ryu/fileflow/adapter-out/persistence-mysql/src/test/java/com/ryuqq/fileflow/adapter/out/persistence/mysql/iam/tenant/adapter/TenantQueryRepositoryAdapterTest.java:312: warning: [unchecked] unchecked conversion
              JPAQuery<Long> countQuery = mock(JPAQuery.class);
                                              ^
    required: JPAQuery<Long>
    found:    JPAQuery
  /Users/sangwon-ryu/fileflow/adapter-out/persistence-mysql/src/test/java/com/ryuqq/fileflow/adapter/out/persistence/mysql/iam/tenant/adapter/TenantQueryRepositoryAdapterTest.java:336: warning: [unchecked] unchecked conversion
              JPAQuery<TenantJpaEntity> jpaQuery = mock(JPAQuery.class);
                                                       ^
    required: JPAQuery<TenantJpaEntity>
    found:    JPAQuery
  /Users/sangwon-ryu/fileflow/adapter-out/persistence-mysql/src/test/java/com/ryuqq/fileflow/adapter/out/persistence/mysql/iam/tenant/adapter/TenantQueryRepositoryAdapterTest.java:358: warning: [unchecked] unchecked conversion
              JPAQuery<TenantJpaEntity> jpaQuery = mock(JPAQuery.class);
                                                       ^
    required: JPAQuery<TenantJpaEntity>
    found:    JPAQuery
  /Users/sangwon-ryu/fileflow/adapter-out/persistence-mysql/src/test/java/com/ryuqq/fileflow/adapter/out/persistence/mysql/iam/tenant/adapter/TenantQueryRepositoryAdapterTest.java:379: warning: [unchecked] unchecked conversion
              JPAQuery<TenantJpaEntity> jpaQuery = mock(JPAQuery.class);
                                                       ^
    required: JPAQuery<TenantJpaEntity>
    found:    JPAQuery
  /Users/sangwon-ryu/fileflow/adapter-out/persistence-mysql/src/test/java/com/ryuqq/fileflow/adapter/out/persistence/mysql/iam/tenant/adapter/TenantQueryRepositoryAdapterTest.java:397: warning: [unchecked] unchecked conversion
              JPAQuery<TenantJpaEntity> jpaQuery = mock(JPAQuery.class);
                                                       ^
    required: JPAQuery<TenantJpaEntity>
    found:    JPAQuery
  /Users/sangwon-ryu/fileflow/adapter-out/persistence-mysql/src/test/java/com/ryuqq/fileflow/adapter/out/persistence/mysql/iam/tenant/adapter/TenantQueryRepositoryAdapterTest.java:109: error: cannot find symbol
              TenantId tenantId = TenantId.from(999L);
                                          ^
    symbol:   method from(long)
    location: class TenantId
  /Users/sangwon-ryu/fileflow/adapter-out/persistence-mysql/src/test/java/com/ryuqq/fileflow/adapter/out/persistence/mysql/iam/tenant/adapter/TenantQueryRepositoryAdapterTest.java:127: error: cannot find symbol
              TenantId tenantId = TenantId.from(3L);
                                          ^
    symbol:   method from(long)
    location: class TenantId
  28 errors
  37 warnings

* Try:
> Check your code and dependencies to fix the compilation error(s)
> Run with --scan to get full insights.

* Exception is:
org.gradle.api.tasks.TaskExecutionException: Execution failed for task ':adapter-out:persistence-mysql:compileTestJava'.
	at org.gradle.api.internal.tasks.execution.ExecuteActionsTaskExecuter.lambda$executeIfValid$1(ExecuteActionsTaskExecuter.java:130)
	at org.gradle.internal.Try$Failure.ifSuccessfulOrElse(Try.java:293)
	at org.gradle.api.internal.tasks.execution.ExecuteActionsTaskExecuter.executeIfValid(ExecuteActionsTaskExecuter.java:128)
	at org.gradle.api.internal.tasks.execution.ExecuteActionsTaskExecuter.execute(ExecuteActionsTaskExecuter.java:116)
	at org.gradle.api.internal.tasks.execution.ProblemsTaskPathTrackingTaskExecuter.execute(ProblemsTaskPathTrackingTaskExecuter.java:41)
	at org.gradle.api.internal.tasks.execution.FinalizePropertiesTaskExecuter.execute(FinalizePropertiesTaskExecuter.java:46)
	at org.gradle.api.internal.tasks.execution.ResolveTaskExecutionModeExecuter.execute(ResolveTaskExecutionModeExecuter.java:51)
	at org.gradle.api.internal.tasks.execution.SkipTaskWithNoActionsExecuter.execute(SkipTaskWithNoActionsExecuter.java:57)
	at org.gradle.api.internal.tasks.execution.SkipOnlyIfTaskExecuter.execute(SkipOnlyIfTaskExecuter.java:74)
	at org.gradle.api.internal.tasks.execution.CatchExceptionTaskExecuter.execute(CatchExceptionTaskExecuter.java:36)
	at org.gradle.api.internal.tasks.execution.EventFiringTaskExecuter$1.executeTask(EventFiringTaskExecuter.java:77)
	at org.gradle.api.internal.tasks.execution.EventFiringTaskExecuter$1.call(EventFiringTaskExecuter.java:55)
	at org.gradle.api.internal.tasks.execution.EventFiringTaskExecuter$1.call(EventFiringTaskExecuter.java:52)
	at org.gradle.internal.operations.DefaultBuildOperationRunner$CallableBuildOperationWorker.execute(DefaultBuildOperationRunner.java:210)
	at org.gradle.internal.operations.DefaultBuildOperationRunner$CallableBuildOperationWorker.execute(DefaultBuildOperationRunner.java:205)
	at org.gradle.internal.operations.DefaultBuildOperationRunner$2.execute(DefaultBuildOperationRunner.java:67)
	at org.gradle.internal.operations.DefaultBuildOperationRunner$2.execute(DefaultBuildOperationRunner.java:60)
	at org.gradle.internal.operations.DefaultBuildOperationRunner.execute(DefaultBuildOperationRunner.java:167)
	at org.gradle.internal.operations.DefaultBuildOperationRunner.execute(DefaultBuildOperationRunner.java:60)
	at org.gradle.internal.operations.DefaultBuildOperationRunner.call(DefaultBuildOperationRunner.java:54)
	at org.gradle.api.internal.tasks.execution.EventFiringTaskExecuter.execute(EventFiringTaskExecuter.java:52)
	at org.gradle.execution.plan.LocalTaskNodeExecutor.execute(LocalTaskNodeExecutor.java:42)
	at org.gradle.execution.taskgraph.DefaultTaskExecutionGraph$InvokeNodeExecutorsAction.execute(DefaultTaskExecutionGraph.java:331)
	at org.gradle.execution.taskgraph.DefaultTaskExecutionGraph$InvokeNodeExecutorsAction.execute(DefaultTaskExecutionGraph.java:318)
	at org.gradle.execution.taskgraph.DefaultTaskExecutionGraph$BuildOperationAwareExecutionAction.lambda$execute$0(DefaultTaskExecutionGraph.java:314)
	at org.gradle.internal.operations.CurrentBuildOperationRef.with(CurrentBuildOperationRef.java:85)
	at org.gradle.execution.taskgraph.DefaultTaskExecutionGraph$BuildOperationAwareExecutionAction.execute(DefaultTaskExecutionGraph.java:314)
	at org.gradle.execution.taskgraph.DefaultTaskExecutionGraph$BuildOperationAwareExecutionAction.execute(DefaultTaskExecutionGraph.java:303)
	at org.gradle.execution.plan.DefaultPlanExecutor$ExecutorWorker.execute(DefaultPlanExecutor.java:459)
	at org.gradle.execution.plan.DefaultPlanExecutor$ExecutorWorker.run(DefaultPlanExecutor.java:376)
	at org.gradle.internal.concurrent.ExecutorPolicy$CatchAndRecordFailures.onExecute(ExecutorPolicy.java:64)
	at org.gradle.internal.concurrent.AbstractManagedExecutor$1.run(AbstractManagedExecutor.java:48)
Caused by: org.gradle.api.internal.tasks.compile.CompilationFailedException: Compilation failed; see the compiler output below.
/Users/sangwon-ryu/fileflow/adapter-out/persistence-mysql/src/test/java/com/ryuqq/fileflow/adapter/out/persistence/mysql/iam/tenant/adapter/TenantQueryRepositoryAdapterTest.java:92: error: reference to where is ambiguous
            given(jpaQuery.where(any())).willReturn(jpaQuery);
                          ^
  both method where(Predicate) in QueryBase and method where(Predicate...) in QueryBase match
  where Q is a type-variable:
    Q extends QueryBase<Q> declared in class QueryBase
/Users/sangwon-ryu/fileflow/adapter-out/persistence-mysql/src/test/java/com/ryuqq/fileflow/adapter/out/persistence/mysql/iam/tenant/adapter/TenantQueryRepositoryAdapterTest.java:113: error: reference to where is ambiguous
            given(jpaQuery.where(any())).willReturn(jpaQuery);
                          ^
  both method where(Predicate) in QueryBase and method where(Predicate...) in QueryBase match
  where Q is a type-variable:
    Q extends QueryBase<Q> declared in class QueryBase
/Users/sangwon-ryu/fileflow/adapter-out/persistence-mysql/src/test/java/com/ryuqq/fileflow/adapter/out/persistence/mysql/iam/tenant/adapter/TenantQueryRepositoryAdapterTest.java:131: error: reference to where is ambiguous
            given(jpaQuery.where(any())).willReturn(jpaQuery);
                          ^
  both method where(Predicate) in QueryBase and method where(Predicate...) in QueryBase match
  where Q is a type-variable:
    Q extends QueryBase<Q> declared in class QueryBase
/Users/sangwon-ryu/fileflow/adapter-out/persistence-mysql/src/test/java/com/ryuqq/fileflow/adapter/out/persistence/mysql/iam/tenant/adapter/TenantQueryRepositoryAdapterTest.java:163: error: reference to where is ambiguous
            given(jpaQuery.where(any())).willReturn(jpaQuery);
                          ^
  both method where(Predicate) in QueryBase and method where(Predicate...) in QueryBase match
  where Q is a type-variable:
    Q extends QueryBase<Q> declared in class QueryBase
/Users/sangwon-ryu/fileflow/adapter-out/persistence-mysql/src/test/java/com/ryuqq/fileflow/adapter/out/persistence/mysql/iam/tenant/adapter/TenantQueryRepositoryAdapterTest.java:164: error: reference to orderBy is ambiguous
            given(jpaQuery.orderBy(any())).willReturn(jpaQuery);
                          ^
  both method orderBy(OrderSpecifier<?>) in QueryBase and method orderBy(OrderSpecifier<?>...) in QueryBase match
  where Q is a type-variable:
    Q extends QueryBase<Q> declared in class QueryBase
/Users/sangwon-ryu/fileflow/adapter-out/persistence-mysql/src/test/java/com/ryuqq/fileflow/adapter/out/persistence/mysql/iam/tenant/adapter/TenantQueryRepositoryAdapterTest.java:187: error: reference to where is ambiguous
            given(jpaQuery.where(any())).willReturn(jpaQuery);
                          ^
  both method where(Predicate) in QueryBase and method where(Predicate...) in QueryBase match
  where Q is a type-variable:
    Q extends QueryBase<Q> declared in class QueryBase
/Users/sangwon-ryu/fileflow/adapter-out/persistence-mysql/src/test/java/com/ryuqq/fileflow/adapter/out/persistence/mysql/iam/tenant/adapter/TenantQueryRepositoryAdapterTest.java:188: error: reference to orderBy is ambiguous
            given(jpaQuery.orderBy(any())).willReturn(jpaQuery);
                          ^
  both method orderBy(OrderSpecifier<?>) in QueryBase and method orderBy(OrderSpecifier<?>...) in QueryBase match
  where Q is a type-variable:
    Q extends QueryBase<Q> declared in class QueryBase
/Users/sangwon-ryu/fileflow/adapter-out/persistence-mysql/src/test/java/com/ryuqq/fileflow/adapter/out/persistence/mysql/iam/tenant/adapter/TenantQueryRepositoryAdapterTest.java:209: error: reference to where is ambiguous
            given(jpaQuery.where(any())).willReturn(jpaQuery);
                          ^
  both method where(Predicate) in QueryBase and method where(Predicate...) in QueryBase match
  where Q is a type-variable:
    Q extends QueryBase<Q> declared in class QueryBase
/Users/sangwon-ryu/fileflow/adapter-out/persistence-mysql/src/test/java/com/ryuqq/fileflow/adapter/out/persistence/mysql/iam/tenant/adapter/TenantQueryRepositoryAdapterTest.java:210: error: reference to orderBy is ambiguous
            given(jpaQuery.orderBy(any())).willReturn(jpaQuery);
                          ^
  both method orderBy(OrderSpecifier<?>) in QueryBase and method orderBy(OrderSpecifier<?>...) in QueryBase match
  where Q is a type-variable:
    Q extends QueryBase<Q> declared in class QueryBase
/Users/sangwon-ryu/fileflow/adapter-out/persistence-mysql/src/test/java/com/ryuqq/fileflow/adapter/out/persistence/mysql/iam/tenant/adapter/TenantQueryRepositoryAdapterTest.java:233: error: reference to where is ambiguous
            given(jpaQuery.where(any())).willReturn(jpaQuery);
                          ^
  both method where(Predicate) in QueryBase and method where(Predicate...) in QueryBase match
  where Q is a type-variable:
    Q extends QueryBase<Q> declared in class QueryBase
/Users/sangwon-ryu/fileflow/adapter-out/persistence-mysql/src/test/java/com/ryuqq/fileflow/adapter/out/persistence/mysql/iam/tenant/adapter/TenantQueryRepositoryAdapterTest.java:234: error: reference to orderBy is ambiguous
            given(jpaQuery.orderBy(any())).willReturn(jpaQuery);
                          ^
  both method orderBy(OrderSpecifier<?>) in QueryBase and method orderBy(OrderSpecifier<?>...) in QueryBase match
  where Q is a type-variable:
    Q extends QueryBase<Q> declared in class QueryBase
/Users/sangwon-ryu/fileflow/adapter-out/persistence-mysql/src/test/java/com/ryuqq/fileflow/adapter/out/persistence/mysql/iam/tenant/adapter/TenantQueryRepositoryAdapterTest.java:254: error: reference to where is ambiguous
            given(jpaQuery.where(any())).willReturn(jpaQuery);
                          ^
  both method where(Predicate) in QueryBase and method where(Predicate...) in QueryBase match
  where Q is a type-variable:
    Q extends QueryBase<Q> declared in class QueryBase
/Users/sangwon-ryu/fileflow/adapter-out/persistence-mysql/src/test/java/com/ryuqq/fileflow/adapter/out/persistence/mysql/iam/tenant/adapter/TenantQueryRepositoryAdapterTest.java:255: error: reference to orderBy is ambiguous
            given(jpaQuery.orderBy(any())).willReturn(jpaQuery);
                          ^
  both method orderBy(OrderSpecifier<?>) in QueryBase and method orderBy(OrderSpecifier<?>...) in QueryBase match
  where Q is a type-variable:
    Q extends QueryBase<Q> declared in class QueryBase
/Users/sangwon-ryu/fileflow/adapter-out/persistence-mysql/src/test/java/com/ryuqq/fileflow/adapter/out/persistence/mysql/iam/tenant/adapter/TenantQueryRepositoryAdapterTest.java:277: error: reference to select is ambiguous
            given(queryFactory.select(any())).willReturn(countQuery);
                              ^
  both method <T>select(Expression<T>) in JPAQueryFactory and method select(Expression<?>...) in JPAQueryFactory match
  where T is a type-variable:
    T extends Object declared in method <T>select(Expression<T>)
/Users/sangwon-ryu/fileflow/adapter-out/persistence-mysql/src/test/java/com/ryuqq/fileflow/adapter/out/persistence/mysql/iam/tenant/adapter/TenantQueryRepositoryAdapterTest.java:279: error: reference to where is ambiguous
            given(countQuery.where(any())).willReturn(countQuery);
                            ^
  both method where(Predicate) in QueryBase and method where(Predicate...) in QueryBase match
  where Q is a type-variable:
    Q extends QueryBase<Q> declared in class QueryBase
/Users/sangwon-ryu/fileflow/adapter-out/persistence-mysql/src/test/java/com/ryuqq/fileflow/adapter/out/persistence/mysql/iam/tenant/adapter/TenantQueryRepositoryAdapterTest.java:296: error: reference to select is ambiguous
            given(queryFactory.select(any())).willReturn(countQuery);
                              ^
  both method <T>select(Expression<T>) in JPAQueryFactory and method select(Expression<?>...) in JPAQueryFactory match
  where T is a type-variable:
    T extends Object declared in method <T>select(Expression<T>)
/Users/sangwon-ryu/fileflow/adapter-out/persistence-mysql/src/test/java/com/ryuqq/fileflow/adapter/out/persistence/mysql/iam/tenant/adapter/TenantQueryRepositoryAdapterTest.java:298: error: reference to where is ambiguous
            given(countQuery.where(any())).willReturn(countQuery);
                            ^
  both method where(Predicate) in QueryBase and method where(Predicate...) in QueryBase match
  where Q is a type-variable:
    Q extends QueryBase<Q> declared in class QueryBase
/Users/sangwon-ryu/fileflow/adapter-out/persistence-mysql/src/test/java/com/ryuqq/fileflow/adapter/out/persistence/mysql/iam/tenant/adapter/TenantQueryRepositoryAdapterTest.java:313: error: reference to select is ambiguous
            given(queryFactory.select(any())).willReturn(countQuery);
                              ^
  both method <T>select(Expression<T>) in JPAQueryFactory and method select(Expression<?>...) in JPAQueryFactory match
  where T is a type-variable:
    T extends Object declared in method <T>select(Expression<T>)
/Users/sangwon-ryu/fileflow/adapter-out/persistence-mysql/src/test/java/com/ryuqq/fileflow/adapter/out/persistence/mysql/iam/tenant/adapter/TenantQueryRepositoryAdapterTest.java:315: error: reference to where is ambiguous
            given(countQuery.where(any())).willReturn(countQuery);
                            ^
  both method where(Predicate) in QueryBase and method where(Predicate...) in QueryBase match
  where Q is a type-variable:
    Q extends QueryBase<Q> declared in class QueryBase
/Users/sangwon-ryu/fileflow/adapter-out/persistence-mysql/src/test/java/com/ryuqq/fileflow/adapter/out/persistence/mysql/iam/tenant/adapter/TenantQueryRepositoryAdapterTest.java:338: error: reference to where is ambiguous
            given(jpaQuery.where(any())).willReturn(jpaQuery);
                          ^
  both method where(Predicate) in QueryBase and method where(Predicate...) in QueryBase match
  where Q is a type-variable:
    Q extends QueryBase<Q> declared in class QueryBase
/Users/sangwon-ryu/fileflow/adapter-out/persistence-mysql/src/test/java/com/ryuqq/fileflow/adapter/out/persistence/mysql/iam/tenant/adapter/TenantQueryRepositoryAdapterTest.java:360: error: reference to where is ambiguous
            given(jpaQuery.where(any())).willReturn(jpaQuery);
                          ^
  both method where(Predicate) in QueryBase and method where(Predicate...) in QueryBase match
  where Q is a type-variable:
    Q extends QueryBase<Q> declared in class QueryBase
/Users/sangwon-ryu/fileflow/adapter-out/persistence-mysql/src/test/java/com/ryuqq/fileflow/adapter/out/persistence/mysql/iam/tenant/adapter/TenantQueryRepositoryAdapterTest.java:381: error: reference to where is ambiguous
            given(jpaQuery.where(any())).willReturn(jpaQuery);
                          ^
  both method where(Predicate) in QueryBase and method where(Predicate...) in QueryBase match
  where Q is a type-variable:
    Q extends QueryBase<Q> declared in class QueryBase
/Users/sangwon-ryu/fileflow/adapter-out/persistence-mysql/src/test/java/com/ryuqq/fileflow/adapter/out/persistence/mysql/iam/tenant/adapter/TenantQueryRepositoryAdapterTest.java:399: error: reference to where is ambiguous
            given(jpaQuery.where(any())).willReturn(jpaQuery);
                          ^
  both method where(Predicate) in QueryBase and method where(Predicate...) in QueryBase match
  where Q is a type-variable:
    Q extends QueryBase<Q> declared in class QueryBase
/Users/sangwon-ryu/fileflow/adapter-out/persistence-mysql/src/test/java/com/ryuqq/fileflow/adapter/out/persistence/mysql/iam/organization/adapter/OrganizationQueryRepositoryAdapterTest.java:304: warning: [unchecked] unchecked method invocation: method select in class JPAQueryFactory is applied to given types
            given(queryFactory.select(any(Expression.class))).willReturn(countQuery);
                                     ^
  required: Expression<T>
  found:    Expression
  where T is a type-variable:
    T extends Object declared in method <T>select(Expression<T>)
/Users/sangwon-ryu/fileflow/adapter-out/persistence-mysql/src/test/java/com/ryuqq/fileflow/adapter/out/persistence/mysql/iam/organization/adapter/OrganizationQueryRepositoryAdapterTest.java:323: warning: [unchecked] unchecked method invocation: method select in class JPAQueryFactory is applied to given types
            given(queryFactory.select(any(Expression.class))).willReturn(countQuery);
                                     ^
  required: Expression<T>
  found:    Expression
  where T is a type-variable:
    T extends Object declared in method <T>select(Expression<T>)
/Users/sangwon-ryu/fileflow/adapter-out/persistence-mysql/src/test/java/com/ryuqq/fileflow/adapter/out/persistence/mysql/iam/organization/adapter/OrganizationQueryRepositoryAdapterTest.java:340: warning: [unchecked] unchecked method invocation: method select in class JPAQueryFactory is applied to given types
            given(queryFactory.select(any(Expression.class))).willReturn(countQuery);
                                     ^
  required: Expression<T>
  found:    Expression
  where T is a type-variable:
    T extends Object declared in method <T>select(Expression<T>)
/Users/sangwon-ryu/fileflow/adapter-out/persistence-mysql/src/test/java/com/ryuqq/fileflow/adapter/out/persistence/mysql/iam/tenant/adapter/TenantQueryRepositoryAdapterTest.java:277: error: no suitable method found for willReturn(JPAQuery<Long>)
            given(queryFactory.select(any())).willReturn(countQuery);
                                             ^
    method BDDMyOngoingStubbing.willReturn(JPAQuery<Object>) is not applicable
      (argument mismatch; JPAQuery<Long> cannot be converted to JPAQuery<Object>)
    method BDDMyOngoingStubbing.willReturn(JPAQuery<Object>,JPAQuery<Object>...) is not applicable
      (argument mismatch; JPAQuery<Long> cannot be converted to JPAQuery<Object>)
/Users/sangwon-ryu/fileflow/adapter-out/persistence-mysql/src/test/java/com/ryuqq/fileflow/adapter/out/persistence/mysql/iam/tenant/adapter/TenantQueryRepositoryAdapterTest.java:296: error: no suitable method found for willReturn(JPAQuery<Long>)
            given(queryFactory.select(any())).willReturn(countQuery);
                                             ^
    method BDDMyOngoingStubbing.willReturn(JPAQuery<Object>) is not applicable
      (argument mismatch; JPAQuery<Long> cannot be converted to JPAQuery<Object>)
    method BDDMyOngoingStubbing.willReturn(JPAQuery<Object>,JPAQuery<Object>...) is not applicable
      (argument mismatch; JPAQuery<Long> cannot be converted to JPAQuery<Object>)
/Users/sangwon-ryu/fileflow/adapter-out/persistence-mysql/src/test/java/com/ryuqq/fileflow/adapter/out/persistence/mysql/iam/tenant/adapter/TenantQueryRepositoryAdapterTest.java:313: error: no suitable method found for willReturn(JPAQuery<Long>)
            given(queryFactory.select(any())).willReturn(countQuery);
                                             ^
    method BDDMyOngoingStubbing.willReturn(JPAQuery<Object>) is not applicable
      (argument mismatch; JPAQuery<Long> cannot be converted to JPAQuery<Object>)
    method BDDMyOngoingStubbing.willReturn(JPAQuery<Object>,JPAQuery<Object>...) is not applicable
      (argument mismatch; JPAQuery<Long> cannot be converted to JPAQuery<Object>)
/Users/sangwon-ryu/fileflow/adapter-out/persistence-mysql/src/test/java/com/ryuqq/fileflow/adapter/out/persistence/mysql/iam/organization/adapter/OrganizationQueryRepositoryAdapterTest.java:93: warning: [unchecked] unchecked conversion
            JPAQuery<OrganizationJpaEntity> jpaQuery = mock(JPAQuery.class);
                                                           ^
  required: JPAQuery<OrganizationJpaEntity>
  found:    JPAQuery
/Users/sangwon-ryu/fileflow/adapter-out/persistence-mysql/src/test/java/com/ryuqq/fileflow/adapter/out/persistence/mysql/iam/organization/adapter/OrganizationQueryRepositoryAdapterTest.java:114: warning: [unchecked] unchecked conversion
            JPAQuery<OrganizationJpaEntity> jpaQuery = mock(JPAQuery.class);
                                                           ^
  required: JPAQuery<OrganizationJpaEntity>
  found:    JPAQuery
/Users/sangwon-ryu/fileflow/adapter-out/persistence-mysql/src/test/java/com/ryuqq/fileflow/adapter/out/persistence/mysql/iam/organization/adapter/OrganizationQueryRepositoryAdapterTest.java:132: warning: [unchecked] unchecked conversion
            JPAQuery<OrganizationJpaEntity> jpaQuery = mock(JPAQuery.class);
                                                           ^
  required: JPAQuery<OrganizationJpaEntity>
  found:    JPAQuery
/Users/sangwon-ryu/fileflow/adapter-out/persistence-mysql/src/test/java/com/ryuqq/fileflow/adapter/out/persistence/mysql/iam/organization/adapter/OrganizationQueryRepositoryAdapterTest.java:164: warning: [unchecked] unchecked conversion
            JPAQuery<OrganizationJpaEntity> jpaQuery = mock(JPAQuery.class);
                                                           ^
  required: JPAQuery<OrganizationJpaEntity>
  found:    JPAQuery
/Users/sangwon-ryu/fileflow/adapter-out/persistence-mysql/src/test/java/com/ryuqq/fileflow/adapter/out/persistence/mysql/iam/organization/adapter/OrganizationQueryRepositoryAdapterTest.java:188: warning: [unchecked] unchecked conversion
            JPAQuery<OrganizationJpaEntity> jpaQuery = mock(JPAQuery.class);
                                                           ^
  required: JPAQuery<OrganizationJpaEntity>
  found:    JPAQuery
/Users/sangwon-ryu/fileflow/adapter-out/persistence-mysql/src/test/java/com/ryuqq/fileflow/adapter/out/persistence/mysql/iam/organization/adapter/OrganizationQueryRepositoryAdapterTest.java:211: warning: [unchecked] unchecked conversion
            JPAQuery<OrganizationJpaEntity> jpaQuery = mock(JPAQuery.class);
                                                           ^
  required: JPAQuery<OrganizationJpaEntity>
  found:    JPAQuery
/Users/sangwon-ryu/fileflow/adapter-out/persistence-mysql/src/test/java/com/ryuqq/fileflow/adapter/out/persistence/mysql/iam/organization/adapter/OrganizationQueryRepositoryAdapterTest.java:234: warning: [unchecked] unchecked conversion
            JPAQuery<OrganizationJpaEntity> jpaQuery = mock(JPAQuery.class);
                                                           ^
  required: JPAQuery<OrganizationJpaEntity>
  found:    JPAQuery
/Users/sangwon-ryu/fileflow/adapter-out/persistence-mysql/src/test/java/com/ryuqq/fileflow/adapter/out/persistence/mysql/iam/organization/adapter/OrganizationQueryRepositoryAdapterTest.java:258: warning: [unchecked] unchecked conversion
            JPAQuery<OrganizationJpaEntity> jpaQuery = mock(JPAQuery.class);
                                                           ^
  required: JPAQuery<OrganizationJpaEntity>
  found:    JPAQuery
/Users/sangwon-ryu/fileflow/adapter-out/persistence-mysql/src/test/java/com/ryuqq/fileflow/adapter/out/persistence/mysql/iam/organization/adapter/OrganizationQueryRepositoryAdapterTest.java:279: warning: [unchecked] unchecked conversion
            JPAQuery<OrganizationJpaEntity> jpaQuery = mock(JPAQuery.class);
                                                           ^
  required: JPAQuery<OrganizationJpaEntity>
  found:    JPAQuery
/Users/sangwon-ryu/fileflow/adapter-out/persistence-mysql/src/test/java/com/ryuqq/fileflow/adapter/out/persistence/mysql/iam/organization/adapter/OrganizationQueryRepositoryAdapterTest.java:303: warning: [unchecked] unchecked conversion
            JPAQuery<Long> countQuery = mock(JPAQuery.class);
                                            ^
  required: JPAQuery<Long>
  found:    JPAQuery
/Users/sangwon-ryu/fileflow/adapter-out/persistence-mysql/src/test/java/com/ryuqq/fileflow/adapter/out/persistence/mysql/iam/organization/adapter/OrganizationQueryRepositoryAdapterTest.java:304: warning: [unchecked] unchecked conversion
            given(queryFactory.select(any(Expression.class))).willReturn(countQuery);
                                         ^
  required: Expression<T>
  found:    Expression
  where T is a type-variable:
    T extends Object declared in method <T>select(Expression<T>)
/Users/sangwon-ryu/fileflow/adapter-out/persistence-mysql/src/test/java/com/ryuqq/fileflow/adapter/out/persistence/mysql/iam/organization/adapter/OrganizationQueryRepositoryAdapterTest.java:322: warning: [unchecked] unchecked conversion
            JPAQuery<Long> countQuery = mock(JPAQuery.class);
                                            ^
  required: JPAQuery<Long>
  found:    JPAQuery
/Users/sangwon-ryu/fileflow/adapter-out/persistence-mysql/src/test/java/com/ryuqq/fileflow/adapter/out/persistence/mysql/iam/organization/adapter/OrganizationQueryRepositoryAdapterTest.java:323: warning: [unchecked] unchecked conversion
            given(queryFactory.select(any(Expression.class))).willReturn(countQuery);
                                         ^
  required: Expression<T>
  found:    Expression
  where T is a type-variable:
    T extends Object declared in method <T>select(Expression<T>)
/Users/sangwon-ryu/fileflow/adapter-out/persistence-mysql/src/test/java/com/ryuqq/fileflow/adapter/out/persistence/mysql/iam/organization/adapter/OrganizationQueryRepositoryAdapterTest.java:339: warning: [unchecked] unchecked conversion
            JPAQuery<Long> countQuery = mock(JPAQuery.class);
                                            ^
  required: JPAQuery<Long>
  found:    JPAQuery
/Users/sangwon-ryu/fileflow/adapter-out/persistence-mysql/src/test/java/com/ryuqq/fileflow/adapter/out/persistence/mysql/iam/organization/adapter/OrganizationQueryRepositoryAdapterTest.java:340: warning: [unchecked] unchecked conversion
            given(queryFactory.select(any(Expression.class))).willReturn(countQuery);
                                         ^
  required: Expression<T>
  found:    Expression
  where T is a type-variable:
    T extends Object declared in method <T>select(Expression<T>)
/Users/sangwon-ryu/fileflow/adapter-out/persistence-mysql/src/test/java/com/ryuqq/fileflow/adapter/out/persistence/mysql/iam/organization/adapter/OrganizationQueryRepositoryAdapterTest.java:363: warning: [unchecked] unchecked conversion
            JPAQuery<OrganizationJpaEntity> jpaQuery = mock(JPAQuery.class);
                                                           ^
  required: JPAQuery<OrganizationJpaEntity>
  found:    JPAQuery
/Users/sangwon-ryu/fileflow/adapter-out/persistence-mysql/src/test/java/com/ryuqq/fileflow/adapter/out/persistence/mysql/iam/organization/adapter/OrganizationQueryRepositoryAdapterTest.java:385: warning: [unchecked] unchecked conversion
            JPAQuery<OrganizationJpaEntity> jpaQuery = mock(JPAQuery.class);
                                                           ^
  required: JPAQuery<OrganizationJpaEntity>
  found:    JPAQuery
/Users/sangwon-ryu/fileflow/adapter-out/persistence-mysql/src/test/java/com/ryuqq/fileflow/adapter/out/persistence/mysql/iam/organization/adapter/OrganizationQueryRepositoryAdapterTest.java:406: warning: [unchecked] unchecked conversion
            JPAQuery<OrganizationJpaEntity> jpaQuery = mock(JPAQuery.class);
                                                           ^
  required: JPAQuery<OrganizationJpaEntity>
  found:    JPAQuery
/Users/sangwon-ryu/fileflow/adapter-out/persistence-mysql/src/test/java/com/ryuqq/fileflow/adapter/out/persistence/mysql/iam/organization/adapter/OrganizationQueryRepositoryAdapterTest.java:424: warning: [unchecked] unchecked conversion
            JPAQuery<OrganizationJpaEntity> jpaQuery = mock(JPAQuery.class);
                                                           ^
  required: JPAQuery<OrganizationJpaEntity>
  found:    JPAQuery
/Users/sangwon-ryu/fileflow/adapter-out/persistence-mysql/src/test/java/com/ryuqq/fileflow/adapter/out/persistence/mysql/iam/tenant/adapter/TenantQueryRepositoryAdapterTest.java:90: warning: [unchecked] unchecked conversion
            JPAQuery<TenantJpaEntity> jpaQuery = mock(JPAQuery.class);
                                                     ^
  required: JPAQuery<TenantJpaEntity>
  found:    JPAQuery
/Users/sangwon-ryu/fileflow/adapter-out/persistence-mysql/src/test/java/com/ryuqq/fileflow/adapter/out/persistence/mysql/iam/tenant/adapter/TenantQueryRepositoryAdapterTest.java:111: warning: [unchecked] unchecked conversion
            JPAQuery<TenantJpaEntity> jpaQuery = mock(JPAQuery.class);
                                                     ^
  required: JPAQuery<TenantJpaEntity>
  found:    JPAQuery
/Users/sangwon-ryu/fileflow/adapter-out/persistence-mysql/src/test/java/com/ryuqq/fileflow/adapter/out/persistence/mysql/iam/tenant/adapter/TenantQueryRepositoryAdapterTest.java:129: warning: [unchecked] unchecked conversion
            JPAQuery<TenantJpaEntity> jpaQuery = mock(JPAQuery.class);
                                                     ^
  required: JPAQuery<TenantJpaEntity>
  found:    JPAQuery
/Users/sangwon-ryu/fileflow/adapter-out/persistence-mysql/src/test/java/com/ryuqq/fileflow/adapter/out/persistence/mysql/iam/tenant/adapter/TenantQueryRepositoryAdapterTest.java:161: warning: [unchecked] unchecked conversion
            JPAQuery<TenantJpaEntity> jpaQuery = mock(JPAQuery.class);
                                                     ^
  required: JPAQuery<TenantJpaEntity>
  found:    JPAQuery
/Users/sangwon-ryu/fileflow/adapter-out/persistence-mysql/src/test/java/com/ryuqq/fileflow/adapter/out/persistence/mysql/iam/tenant/adapter/TenantQueryRepositoryAdapterTest.java:185: warning: [unchecked] unchecked conversion
            JPAQuery<TenantJpaEntity> jpaQuery = mock(JPAQuery.class);
                                                     ^
  required: JPAQuery<TenantJpaEntity>
  found:    JPAQuery
/Users/sangwon-ryu/fileflow/adapter-out/persistence-mysql/src/test/java/com/ryuqq/fileflow/adapter/out/persistence/mysql/iam/tenant/adapter/TenantQueryRepositoryAdapterTest.java:207: warning: [unchecked] unchecked conversion
            JPAQuery<TenantJpaEntity> jpaQuery = mock(JPAQuery.class);
                                                     ^
  required: JPAQuery<TenantJpaEntity>
  found:    JPAQuery
/Users/sangwon-ryu/fileflow/adapter-out/persistence-mysql/src/test/java/com/ryuqq/fileflow/adapter/out/persistence/mysql/iam/tenant/adapter/TenantQueryRepositoryAdapterTest.java:231: warning: [unchecked] unchecked conversion
            JPAQuery<TenantJpaEntity> jpaQuery = mock(JPAQuery.class);
                                                     ^
  required: JPAQuery<TenantJpaEntity>
  found:    JPAQuery
/Users/sangwon-ryu/fileflow/adapter-out/persistence-mysql/src/test/java/com/ryuqq/fileflow/adapter/out/persistence/mysql/iam/tenant/adapter/TenantQueryRepositoryAdapterTest.java:252: warning: [unchecked] unchecked conversion
            JPAQuery<TenantJpaEntity> jpaQuery = mock(JPAQuery.class);
                                                     ^
  required: JPAQuery<TenantJpaEntity>
  found:    JPAQuery
/Users/sangwon-ryu/fileflow/adapter-out/persistence-mysql/src/test/java/com/ryuqq/fileflow/adapter/out/persistence/mysql/iam/tenant/adapter/TenantQueryRepositoryAdapterTest.java:276: warning: [unchecked] unchecked conversion
            JPAQuery<Long> countQuery = mock(JPAQuery.class);
                                            ^
  required: JPAQuery<Long>
  found:    JPAQuery
/Users/sangwon-ryu/fileflow/adapter-out/persistence-mysql/src/test/java/com/ryuqq/fileflow/adapter/out/persistence/mysql/iam/tenant/adapter/TenantQueryRepositoryAdapterTest.java:295: warning: [unchecked] unchecked conversion
            JPAQuery<Long> countQuery = mock(JPAQuery.class);
                                            ^
  required: JPAQuery<Long>
  found:    JPAQuery
/Users/sangwon-ryu/fileflow/adapter-out/persistence-mysql/src/test/java/com/ryuqq/fileflow/adapter/out/persistence/mysql/iam/tenant/adapter/TenantQueryRepositoryAdapterTest.java:312: warning: [unchecked] unchecked conversion
            JPAQuery<Long> countQuery = mock(JPAQuery.class);
                                            ^
  required: JPAQuery<Long>
  found:    JPAQuery
/Users/sangwon-ryu/fileflow/adapter-out/persistence-mysql/src/test/java/com/ryuqq/fileflow/adapter/out/persistence/mysql/iam/tenant/adapter/TenantQueryRepositoryAdapterTest.java:336: warning: [unchecked] unchecked conversion
            JPAQuery<TenantJpaEntity> jpaQuery = mock(JPAQuery.class);
                                                     ^
  required: JPAQuery<TenantJpaEntity>
  found:    JPAQuery
/Users/sangwon-ryu/fileflow/adapter-out/persistence-mysql/src/test/java/com/ryuqq/fileflow/adapter/out/persistence/mysql/iam/tenant/adapter/TenantQueryRepositoryAdapterTest.java:358: warning: [unchecked] unchecked conversion
            JPAQuery<TenantJpaEntity> jpaQuery = mock(JPAQuery.class);
                                                     ^
  required: JPAQuery<TenantJpaEntity>
  found:    JPAQuery
/Users/sangwon-ryu/fileflow/adapter-out/persistence-mysql/src/test/java/com/ryuqq/fileflow/adapter/out/persistence/mysql/iam/tenant/adapter/TenantQueryRepositoryAdapterTest.java:379: warning: [unchecked] unchecked conversion
            JPAQuery<TenantJpaEntity> jpaQuery = mock(JPAQuery.class);
                                                     ^
  required: JPAQuery<TenantJpaEntity>
  found:    JPAQuery
/Users/sangwon-ryu/fileflow/adapter-out/persistence-mysql/src/test/java/com/ryuqq/fileflow/adapter/out/persistence/mysql/iam/tenant/adapter/TenantQueryRepositoryAdapterTest.java:397: warning: [unchecked] unchecked conversion
            JPAQuery<TenantJpaEntity> jpaQuery = mock(JPAQuery.class);
                                                     ^
  required: JPAQuery<TenantJpaEntity>
  found:    JPAQuery
/Users/sangwon-ryu/fileflow/adapter-out/persistence-mysql/src/test/java/com/ryuqq/fileflow/adapter/out/persistence/mysql/iam/tenant/adapter/TenantQueryRepositoryAdapterTest.java:109: error: cannot find symbol
            TenantId tenantId = TenantId.from(999L);
                                        ^
  symbol:   method from(long)
  location: class TenantId
/Users/sangwon-ryu/fileflow/adapter-out/persistence-mysql/src/test/java/com/ryuqq/fileflow/adapter/out/persistence/mysql/iam/tenant/adapter/TenantQueryRepositoryAdapterTest.java:127: error: cannot find symbol
            TenantId tenantId = TenantId.from(3L);
                                        ^
  symbol:   method from(long)
  location: class TenantId
28 errors
37 warnings
	at org.gradle.api.internal.tasks.compile.JdkJavaCompiler.execute(JdkJavaCompiler.java:89)
	at org.gradle.api.internal.tasks.compile.JdkJavaCompiler.execute(JdkJavaCompiler.java:50)
	at org.gradle.api.internal.tasks.compile.NormalizingJavaCompiler.delegateAndHandleErrors(NormalizingJavaCompiler.java:98)
	at org.gradle.api.internal.tasks.compile.NormalizingJavaCompiler.execute(NormalizingJavaCompiler.java:52)
	at org.gradle.api.internal.tasks.compile.NormalizingJavaCompiler.execute(NormalizingJavaCompiler.java:38)
	at org.gradle.api.internal.tasks.compile.AnnotationProcessorDiscoveringCompiler.execute(AnnotationProcessorDiscoveringCompiler.java:52)
	at org.gradle.api.internal.tasks.compile.AnnotationProcessorDiscoveringCompiler.execute(AnnotationProcessorDiscoveringCompiler.java:38)
	at org.gradle.api.internal.tasks.compile.ModuleApplicationNameWritingCompiler.execute(ModuleApplicationNameWritingCompiler.java:46)
	at org.gradle.api.internal.tasks.compile.ModuleApplicationNameWritingCompiler.execute(ModuleApplicationNameWritingCompiler.java:36)
	at org.gradle.jvm.toolchain.internal.DefaultToolchainJavaCompiler.execute(DefaultToolchainJavaCompiler.java:57)
	at org.gradle.api.tasks.compile.JavaCompile.lambda$createToolchainCompiler$3(JavaCompile.java:206)
	at org.gradle.api.internal.tasks.compile.CleaningJavaCompiler.execute(CleaningJavaCompiler.java:53)
	at org.gradle.api.internal.tasks.compile.incremental.IncrementalCompilerFactory.lambda$createRebuildAllCompiler$0(IncrementalCompilerFactory.java:55)
	at org.gradle.api.internal.tasks.compile.incremental.SelectiveCompiler.execute(SelectiveCompiler.java:70)
	at org.gradle.api.internal.tasks.compile.incremental.SelectiveCompiler.execute(SelectiveCompiler.java:44)
	at org.gradle.api.internal.tasks.compile.incremental.IncrementalResultStoringCompiler.execute(IncrementalResultStoringCompiler.java:66)
	at org.gradle.api.internal.tasks.compile.incremental.IncrementalResultStoringCompiler.execute(IncrementalResultStoringCompiler.java:52)
	at org.gradle.api.internal.tasks.compile.CompileJavaBuildOperationReportingCompiler$1.call(CompileJavaBuildOperationReportingCompiler.java:64)
	at org.gradle.api.internal.tasks.compile.CompileJavaBuildOperationReportingCompiler$1.call(CompileJavaBuildOperationReportingCompiler.java:48)
	at org.gradle.internal.operations.DefaultBuildOperationRunner$CallableBuildOperationWorker.execute(DefaultBuildOperationRunner.java:210)
	at org.gradle.internal.operations.DefaultBuildOperationRunner$CallableBuildOperationWorker.execute(DefaultBuildOperationRunner.java:205)
	at org.gradle.internal.operations.DefaultBuildOperationRunner$2.execute(DefaultBuildOperationRunner.java:67)
	at org.gradle.internal.operations.DefaultBuildOperationRunner$2.execute(DefaultBuildOperationRunner.java:60)
	at org.gradle.internal.operations.DefaultBuildOperationRunner.execute(DefaultBuildOperationRunner.java:167)
	at org.gradle.internal.operations.DefaultBuildOperationRunner.execute(DefaultBuildOperationRunner.java:60)
	at org.gradle.internal.operations.DefaultBuildOperationRunner.call(DefaultBuildOperationRunner.java:54)
	at org.gradle.api.internal.tasks.compile.CompileJavaBuildOperationReportingCompiler.execute(CompileJavaBuildOperationReportingCompiler.java:48)
	at org.gradle.api.tasks.compile.JavaCompile.performCompilation(JavaCompile.java:224)
	at org.gradle.api.tasks.compile.JavaCompile.performIncrementalCompilation(JavaCompile.java:165)
	at org.gradle.api.tasks.compile.JavaCompile.compile(JavaCompile.java:150)
	at java.base/jdk.internal.reflect.DirectMethodHandleAccessor.invoke(DirectMethodHandleAccessor.java:103)
	at org.gradle.internal.reflect.JavaMethod.invoke(JavaMethod.java:125)
	at org.gradle.api.internal.project.taskfactory.IncrementalTaskAction.doExecute(IncrementalTaskAction.java:45)
	at org.gradle.api.internal.project.taskfactory.StandardTaskAction.execute(StandardTaskAction.java:51)
	at org.gradle.api.internal.project.taskfactory.IncrementalTaskAction.execute(IncrementalTaskAction.java:26)
	at org.gradle.api.internal.project.taskfactory.StandardTaskAction.execute(StandardTaskAction.java:29)
	at org.gradle.api.internal.tasks.execution.TaskExecution$3.run(TaskExecution.java:244)
	at org.gradle.internal.operations.DefaultBuildOperationRunner$1.execute(DefaultBuildOperationRunner.java:30)
	at org.gradle.internal.operations.DefaultBuildOperationRunner$1.execute(DefaultBuildOperationRunner.java:27)
	at org.gradle.internal.operations.DefaultBuildOperationRunner$2.execute(DefaultBuildOperationRunner.java:67)
	at org.gradle.internal.operations.DefaultBuildOperationRunner$2.execute(DefaultBuildOperationRunner.java:60)
	at org.gradle.internal.operations.DefaultBuildOperationRunner.execute(DefaultBuildOperationRunner.java:167)
	at org.gradle.internal.operations.DefaultBuildOperationRunner.execute(DefaultBuildOperationRunner.java:60)
	at org.gradle.internal.operations.DefaultBuildOperationRunner.run(DefaultBuildOperationRunner.java:48)
	at org.gradle.api.internal.tasks.execution.TaskExecution.executeAction(TaskExecution.java:229)
	at org.gradle.api.internal.tasks.execution.TaskExecution.executeActions(TaskExecution.java:212)
	at org.gradle.api.internal.tasks.execution.TaskExecution.executeWithPreviousOutputFiles(TaskExecution.java:195)
	at org.gradle.api.internal.tasks.execution.TaskExecution.execute(TaskExecution.java:162)
	at org.gradle.internal.execution.steps.ExecuteStep.executeInternal(ExecuteStep.java:105)
	at org.gradle.internal.execution.steps.ExecuteStep.access$000(ExecuteStep.java:44)
	at org.gradle.internal.execution.steps.ExecuteStep$1.call(ExecuteStep.java:59)
	at org.gradle.internal.execution.steps.ExecuteStep$1.call(ExecuteStep.java:56)
	at org.gradle.internal.operations.DefaultBuildOperationRunner$CallableBuildOperationWorker.execute(DefaultBuildOperationRunner.java:210)
	at org.gradle.internal.operations.DefaultBuildOperationRunner$CallableBuildOperationWorker.execute(DefaultBuildOperationRunner.java:205)
	at org.gradle.internal.operations.DefaultBuildOperationRunner$2.execute(DefaultBuildOperationRunner.java:67)
	at org.gradle.internal.operations.DefaultBuildOperationRunner$2.execute(DefaultBuildOperationRunner.java:60)
	at org.gradle.internal.operations.DefaultBuildOperationRunner.execute(DefaultBuildOperationRunner.java:167)
	at org.gradle.internal.operations.DefaultBuildOperationRunner.execute(DefaultBuildOperationRunner.java:60)
	at org.gradle.internal.operations.DefaultBuildOperationRunner.call(DefaultBuildOperationRunner.java:54)
	at org.gradle.internal.execution.steps.ExecuteStep.execute(ExecuteStep.java:56)
	at org.gradle.internal.execution.steps.ExecuteStep.execute(ExecuteStep.java:44)
	at org.gradle.internal.execution.steps.CancelExecutionStep.execute(CancelExecutionStep.java:42)
	at org.gradle.internal.execution.steps.TimeoutStep.executeWithoutTimeout(TimeoutStep.java:75)
	at org.gradle.internal.execution.steps.TimeoutStep.execute(TimeoutStep.java:55)
	at org.gradle.internal.execution.steps.PreCreateOutputParentsStep.execute(PreCreateOutputParentsStep.java:50)
	at org.gradle.internal.execution.steps.PreCreateOutputParentsStep.execute(PreCreateOutputParentsStep.java:28)
	at org.gradle.internal.execution.steps.RemovePreviousOutputsStep.execute(RemovePreviousOutputsStep.java:67)
	at org.gradle.internal.execution.steps.RemovePreviousOutputsStep.execute(RemovePreviousOutputsStep.java:37)
	at org.gradle.internal.execution.steps.BroadcastChangingOutputsStep.execute(BroadcastChangingOutputsStep.java:61)
	at org.gradle.internal.execution.steps.BroadcastChangingOutputsStep.execute(BroadcastChangingOutputsStep.java:26)
	at org.gradle.internal.execution.steps.CaptureOutputsAfterExecutionStep.execute(CaptureOutputsAfterExecutionStep.java:69)
	at org.gradle.internal.execution.steps.CaptureOutputsAfterExecutionStep.execute(CaptureOutputsAfterExecutionStep.java:46)
	at org.gradle.internal.execution.steps.ResolveInputChangesStep.execute(ResolveInputChangesStep.java:40)
	at org.gradle.internal.execution.steps.ResolveInputChangesStep.execute(ResolveInputChangesStep.java:29)
	at org.gradle.internal.execution.steps.BuildCacheStep.executeWithoutCache(BuildCacheStep.java:189)
	at org.gradle.internal.execution.steps.BuildCacheStep.lambda$execute$1(BuildCacheStep.java:75)
	at org.gradle.internal.Either$Right.fold(Either.java:175)
	at org.gradle.internal.execution.caching.CachingState.fold(CachingState.java:62)
	at org.gradle.internal.execution.steps.BuildCacheStep.execute(BuildCacheStep.java:73)
	at org.gradle.internal.execution.steps.BuildCacheStep.execute(BuildCacheStep.java:48)
	at org.gradle.internal.execution.steps.StoreExecutionStateStep.execute(StoreExecutionStateStep.java:46)
	at org.gradle.internal.execution.steps.StoreExecutionStateStep.execute(StoreExecutionStateStep.java:35)
	at org.gradle.internal.execution.steps.SkipUpToDateStep.executeBecause(SkipUpToDateStep.java:75)
	at org.gradle.internal.execution.steps.SkipUpToDateStep.lambda$execute$2(SkipUpToDateStep.java:53)
	at org.gradle.internal.execution.steps.SkipUpToDateStep.execute(SkipUpToDateStep.java:53)
	at org.gradle.internal.execution.steps.SkipUpToDateStep.execute(SkipUpToDateStep.java:35)
	at org.gradle.internal.execution.steps.legacy.MarkSnapshottingInputsFinishedStep.execute(MarkSnapshottingInputsFinishedStep.java:37)
	at org.gradle.internal.execution.steps.legacy.MarkSnapshottingInputsFinishedStep.execute(MarkSnapshottingInputsFinishedStep.java:27)
	at org.gradle.internal.execution.steps.ResolveIncrementalCachingStateStep.executeDelegate(ResolveIncrementalCachingStateStep.java:49)
	at org.gradle.internal.execution.steps.ResolveIncrementalCachingStateStep.executeDelegate(ResolveIncrementalCachingStateStep.java:27)
	at org.gradle.internal.execution.steps.AbstractResolveCachingStateStep.execute(AbstractResolveCachingStateStep.java:71)
	at org.gradle.internal.execution.steps.AbstractResolveCachingStateStep.execute(AbstractResolveCachingStateStep.java:39)
	at org.gradle.internal.execution.steps.ResolveChangesStep.execute(ResolveChangesStep.java:65)
	at org.gradle.internal.execution.steps.ResolveChangesStep.execute(ResolveChangesStep.java:36)
	at org.gradle.internal.execution.steps.ValidateStep.execute(ValidateStep.java:107)
	at org.gradle.internal.execution.steps.ValidateStep.execute(ValidateStep.java:56)
	at org.gradle.internal.execution.steps.AbstractCaptureStateBeforeExecutionStep.execute(AbstractCaptureStateBeforeExecutionStep.java:64)
	at org.gradle.internal.execution.steps.AbstractCaptureStateBeforeExecutionStep.execute(AbstractCaptureStateBeforeExecutionStep.java:43)
	at org.gradle.internal.execution.steps.AbstractSkipEmptyWorkStep.executeWithNonEmptySources(AbstractSkipEmptyWorkStep.java:125)
	at org.gradle.internal.execution.steps.AbstractSkipEmptyWorkStep.execute(AbstractSkipEmptyWorkStep.java:61)
	at org.gradle.internal.execution.steps.AbstractSkipEmptyWorkStep.execute(AbstractSkipEmptyWorkStep.java:36)
	at org.gradle.internal.execution.steps.legacy.MarkSnapshottingInputsStartedStep.execute(MarkSnapshottingInputsStartedStep.java:38)
	at org.gradle.internal.execution.steps.LoadPreviousExecutionStateStep.execute(LoadPreviousExecutionStateStep.java:36)
	at org.gradle.internal.execution.steps.LoadPreviousExecutionStateStep.execute(LoadPreviousExecutionStateStep.java:23)
	at org.gradle.internal.execution.steps.HandleStaleOutputsStep.execute(HandleStaleOutputsStep.java:75)
	at org.gradle.internal.execution.steps.HandleStaleOutputsStep.execute(HandleStaleOutputsStep.java:41)
	at org.gradle.internal.execution.steps.AssignMutableWorkspaceStep.lambda$execute$0(AssignMutableWorkspaceStep.java:35)
	at org.gradle.api.internal.tasks.execution.TaskExecution$4.withWorkspace(TaskExecution.java:289)
	at org.gradle.internal.execution.steps.AssignMutableWorkspaceStep.execute(AssignMutableWorkspaceStep.java:31)
	at org.gradle.internal.execution.steps.AssignMutableWorkspaceStep.execute(AssignMutableWorkspaceStep.java:22)
	at org.gradle.internal.execution.steps.ChoosePipelineStep.execute(ChoosePipelineStep.java:40)
	at org.gradle.internal.execution.steps.ChoosePipelineStep.execute(ChoosePipelineStep.java:23)
	at org.gradle.internal.execution.steps.ExecuteWorkBuildOperationFiringStep.lambda$execute$2(ExecuteWorkBuildOperationFiringStep.java:67)
	at org.gradle.internal.execution.steps.ExecuteWorkBuildOperationFiringStep.execute(ExecuteWorkBuildOperationFiringStep.java:67)
	at org.gradle.internal.execution.steps.ExecuteWorkBuildOperationFiringStep.execute(ExecuteWorkBuildOperationFiringStep.java:39)
	at org.gradle.internal.execution.steps.IdentityCacheStep.execute(IdentityCacheStep.java:46)
	at org.gradle.internal.execution.steps.IdentityCacheStep.execute(IdentityCacheStep.java:34)
	at org.gradle.internal.execution.steps.IdentifyStep.execute(IdentifyStep.java:48)
	at org.gradle.internal.execution.steps.IdentifyStep.execute(IdentifyStep.java:35)
	at org.gradle.internal.execution.impl.DefaultExecutionEngine$1.execute(DefaultExecutionEngine.java:64)
	at org.gradle.api.internal.tasks.execution.ExecuteActionsTaskExecuter.executeIfValid(ExecuteActionsTaskExecuter.java:127)
	at org.gradle.api.internal.tasks.execution.ExecuteActionsTaskExecuter.execute(ExecuteActionsTaskExecuter.java:116)
	at org.gradle.api.internal.tasks.execution.ProblemsTaskPathTrackingTaskExecuter.execute(ProblemsTaskPathTrackingTaskExecuter.java:41)
	at org.gradle.api.internal.tasks.execution.FinalizePropertiesTaskExecuter.execute(FinalizePropertiesTaskExecuter.java:46)
	at org.gradle.api.internal.tasks.execution.ResolveTaskExecutionModeExecuter.execute(ResolveTaskExecutionModeExecuter.java:51)
	at org.gradle.api.internal.tasks.execution.SkipTaskWithNoActionsExecuter.execute(SkipTaskWithNoActionsExecuter.java:57)
	at org.gradle.api.internal.tasks.execution.SkipOnlyIfTaskExecuter.execute(SkipOnlyIfTaskExecuter.java:74)
	at org.gradle.api.internal.tasks.execution.CatchExceptionTaskExecuter.execute(CatchExceptionTaskExecuter.java:36)
	at org.gradle.api.internal.tasks.execution.EventFiringTaskExecuter$1.executeTask(EventFiringTaskExecuter.java:77)
	at org.gradle.api.internal.tasks.execution.EventFiringTaskExecuter$1.call(EventFiringTaskExecuter.java:55)
	at org.gradle.api.internal.tasks.execution.EventFiringTaskExecuter$1.call(EventFiringTaskExecuter.java:52)
	at org.gradle.internal.operations.DefaultBuildOperationRunner$CallableBuildOperationWorker.execute(DefaultBuildOperationRunner.java:210)
	at org.gradle.internal.operations.DefaultBuildOperationRunner$CallableBuildOperationWorker.execute(DefaultBuildOperationRunner.java:205)
	at org.gradle.internal.operations.DefaultBuildOperationRunner$2.execute(DefaultBuildOperationRunner.java:67)
	at org.gradle.internal.operations.DefaultBuildOperationRunner$2.execute(DefaultBuildOperationRunner.java:60)
	at org.gradle.internal.operations.DefaultBuildOperationRunner.execute(DefaultBuildOperationRunner.java:167)
	at org.gradle.internal.operations.DefaultBuildOperationRunner.execute(DefaultBuildOperationRunner.java:60)
	at org.gradle.internal.operations.DefaultBuildOperationRunner.call(DefaultBuildOperationRunner.java:54)
	at org.gradle.api.internal.tasks.execution.EventFiringTaskExecuter.execute(EventFiringTaskExecuter.java:52)
	at org.gradle.execution.plan.LocalTaskNodeExecutor.execute(LocalTaskNodeExecutor.java:42)
	at org.gradle.execution.taskgraph.DefaultTaskExecutionGraph$InvokeNodeExecutorsAction.execute(DefaultTaskExecutionGraph.java:331)
	at org.gradle.execution.taskgraph.DefaultTaskExecutionGraph$InvokeNodeExecutorsAction.execute(DefaultTaskExecutionGraph.java:318)
	at org.gradle.execution.taskgraph.DefaultTaskExecutionGraph$BuildOperationAwareExecutionAction.lambda$execute$0(DefaultTaskExecutionGraph.java:314)
	at org.gradle.internal.operations.CurrentBuildOperationRef.with(CurrentBuildOperationRef.java:85)
	at org.gradle.execution.taskgraph.DefaultTaskExecutionGraph$BuildOperationAwareExecutionAction.execute(DefaultTaskExecutionGraph.java:314)
	at org.gradle.execution.taskgraph.DefaultTaskExecutionGraph$BuildOperationAwareExecutionAction.execute(DefaultTaskExecutionGraph.java:303)
	at org.gradle.execution.plan.DefaultPlanExecutor$ExecutorWorker.execute(DefaultPlanExecutor.java:459)
	at org.gradle.execution.plan.DefaultPlanExecutor$ExecutorWorker.run(DefaultPlanExecutor.java:376)
	at org.gradle.internal.concurrent.ExecutorPolicy$CatchAndRecordFailures.onExecute(ExecutorPolicy.java:64)
	at org.gradle.internal.concurrent.AbstractManagedExecutor$1.run(AbstractManagedExecutor.java:48)

==============================================================================

2: Task failed with an exception.
-----------
* What went wrong:
Execution failed for task ':adapter-out:persistence-redis:test'.
> There were failing tests. See the report at: file:///Users/sangwon-ryu/fileflow/adapter-out/persistence-redis/build/reports/tests/test/index.html

* Try:
> Run with --scan to get full insights.

* Exception is:
org.gradle.api.tasks.TaskExecutionException: Execution failed for task ':adapter-out:persistence-redis:test'.
	at org.gradle.api.internal.tasks.execution.ExecuteActionsTaskExecuter.lambda$executeIfValid$1(ExecuteActionsTaskExecuter.java:130)
	at org.gradle.internal.Try$Failure.ifSuccessfulOrElse(Try.java:293)
	at org.gradle.api.internal.tasks.execution.ExecuteActionsTaskExecuter.executeIfValid(ExecuteActionsTaskExecuter.java:128)
	at org.gradle.api.internal.tasks.execution.ExecuteActionsTaskExecuter.execute(ExecuteActionsTaskExecuter.java:116)
	at org.gradle.api.internal.tasks.execution.ProblemsTaskPathTrackingTaskExecuter.execute(ProblemsTaskPathTrackingTaskExecuter.java:41)
	at org.gradle.api.internal.tasks.execution.FinalizePropertiesTaskExecuter.execute(FinalizePropertiesTaskExecuter.java:46)
	at org.gradle.api.internal.tasks.execution.ResolveTaskExecutionModeExecuter.execute(ResolveTaskExecutionModeExecuter.java:51)
	at org.gradle.api.internal.tasks.execution.SkipTaskWithNoActionsExecuter.execute(SkipTaskWithNoActionsExecuter.java:57)
	at org.gradle.api.internal.tasks.execution.SkipOnlyIfTaskExecuter.execute(SkipOnlyIfTaskExecuter.java:74)
	at org.gradle.api.internal.tasks.execution.CatchExceptionTaskExecuter.execute(CatchExceptionTaskExecuter.java:36)
	at org.gradle.api.internal.tasks.execution.EventFiringTaskExecuter$1.executeTask(EventFiringTaskExecuter.java:77)
	at org.gradle.api.internal.tasks.execution.EventFiringTaskExecuter$1.call(EventFiringTaskExecuter.java:55)
	at org.gradle.api.internal.tasks.execution.EventFiringTaskExecuter$1.call(EventFiringTaskExecuter.java:52)
	at org.gradle.internal.operations.DefaultBuildOperationRunner$CallableBuildOperationWorker.execute(DefaultBuildOperationRunner.java:210)
	at org.gradle.internal.operations.DefaultBuildOperationRunner$CallableBuildOperationWorker.execute(DefaultBuildOperationRunner.java:205)
	at org.gradle.internal.operations.DefaultBuildOperationRunner$2.execute(DefaultBuildOperationRunner.java:67)
	at org.gradle.internal.operations.DefaultBuildOperationRunner$2.execute(DefaultBuildOperationRunner.java:60)
	at org.gradle.internal.operations.DefaultBuildOperationRunner.execute(DefaultBuildOperationRunner.java:167)
	at org.gradle.internal.operations.DefaultBuildOperationRunner.execute(DefaultBuildOperationRunner.java:60)
	at org.gradle.internal.operations.DefaultBuildOperationRunner.call(DefaultBuildOperationRunner.java:54)
	at org.gradle.api.internal.tasks.execution.EventFiringTaskExecuter.execute(EventFiringTaskExecuter.java:52)
	at org.gradle.execution.plan.LocalTaskNodeExecutor.execute(LocalTaskNodeExecutor.java:42)
	at org.gradle.execution.taskgraph.DefaultTaskExecutionGraph$InvokeNodeExecutorsAction.execute(DefaultTaskExecutionGraph.java:331)
	at org.gradle.execution.taskgraph.DefaultTaskExecutionGraph$InvokeNodeExecutorsAction.execute(DefaultTaskExecutionGraph.java:318)
	at org.gradle.execution.taskgraph.DefaultTaskExecutionGraph$BuildOperationAwareExecutionAction.lambda$execute$0(DefaultTaskExecutionGraph.java:314)
	at org.gradle.internal.operations.CurrentBuildOperationRef.with(CurrentBuildOperationRef.java:85)
	at org.gradle.execution.taskgraph.DefaultTaskExecutionGraph$BuildOperationAwareExecutionAction.execute(DefaultTaskExecutionGraph.java:314)
	at org.gradle.execution.taskgraph.DefaultTaskExecutionGraph$BuildOperationAwareExecutionAction.execute(DefaultTaskExecutionGraph.java:303)
	at org.gradle.execution.plan.DefaultPlanExecutor$ExecutorWorker.execute(DefaultPlanExecutor.java:459)
	at org.gradle.execution.plan.DefaultPlanExecutor$ExecutorWorker.run(DefaultPlanExecutor.java:376)
	at org.gradle.internal.concurrent.ExecutorPolicy$CatchAndRecordFailures.onExecute(ExecutorPolicy.java:64)
	at org.gradle.internal.concurrent.AbstractManagedExecutor$1.run(AbstractManagedExecutor.java:48)
	at java.base/java.util.concurrent.ThreadPoolExecutor.runWorker(ThreadPoolExecutor.java:1144)
	at java.base/java.util.concurrent.ThreadPoolExecutor$Worker.run(ThreadPoolExecutor.java:642)
	at java.base/java.lang.Thread.run(Thread.java:1583)
Caused by: org.gradle.api.internal.exceptions.MarkedVerificationException: There were failing tests. See the report at: file:///Users/sangwon-ryu/fileflow/adapter-out/persistence-redis/build/reports/tests/test/index.html
	at org.gradle.api.tasks.testing.AbstractTestTask.handleTestFailures(AbstractTestTask.java:720)
	at org.gradle.api.tasks.testing.AbstractTestTask.handleCollectedResults(AbstractTestTask.java:545)
	at org.gradle.api.tasks.testing.AbstractTestTask.executeTests(AbstractTestTask.java:540)
	at org.gradle.api.tasks.testing.Test.executeTests(Test.java:718)
	at java.base/jdk.internal.reflect.DirectMethodHandleAccessor.invoke(DirectMethodHandleAccessor.java:103)
	at java.base/java.lang.reflect.Method.invoke(Method.java:580)
	at org.gradle.internal.reflect.JavaMethod.invoke(JavaMethod.java:125)
	at org.gradle.api.internal.project.taskfactory.StandardTaskAction.doExecute(StandardTaskAction.java:58)
	at org.gradle.api.internal.project.taskfactory.StandardTaskAction.execute(StandardTaskAction.java:51)
	at org.gradle.api.internal.project.taskfactory.StandardTaskAction.execute(StandardTaskAction.java:29)
	at org.gradle.api.internal.tasks.execution.TaskExecution$3.run(TaskExecution.java:244)
	at org.gradle.internal.operations.DefaultBuildOperationRunner$1.execute(DefaultBuildOperationRunner.java:30)
	at org.gradle.internal.operations.DefaultBuildOperationRunner$1.execute(DefaultBuildOperationRunner.java:27)
	at org.gradle.internal.operations.DefaultBuildOperationRunner$2.execute(DefaultBuildOperationRunner.java:67)
	at org.gradle.internal.operations.DefaultBuildOperationRunner$2.execute(DefaultBuildOperationRunner.java:60)
	at org.gradle.internal.operations.DefaultBuildOperationRunner.execute(DefaultBuildOperationRunner.java:167)
	at org.gradle.internal.operations.DefaultBuildOperationRunner.execute(DefaultBuildOperationRunner.java:60)
	at org.gradle.internal.operations.DefaultBuildOperationRunner.run(DefaultBuildOperationRunner.java:48)
	at org.gradle.api.internal.tasks.execution.TaskExecution.executeAction(TaskExecution.java:229)
	at org.gradle.api.internal.tasks.execution.TaskExecution.executeActions(TaskExecution.java:212)
	at org.gradle.api.internal.tasks.execution.TaskExecution.executeWithPreviousOutputFiles(TaskExecution.java:195)
	at org.gradle.api.internal.tasks.execution.TaskExecution.execute(TaskExecution.java:162)
	at org.gradle.internal.execution.steps.ExecuteStep.executeInternal(ExecuteStep.java:105)
	at org.gradle.internal.execution.steps.ExecuteStep.access$000(ExecuteStep.java:44)
	at org.gradle.internal.execution.steps.ExecuteStep$1.call(ExecuteStep.java:59)
	at org.gradle.internal.execution.steps.ExecuteStep$1.call(ExecuteStep.java:56)
	at org.gradle.internal.operations.DefaultBuildOperationRunner$CallableBuildOperationWorker.execute(DefaultBuildOperationRunner.java:210)
	at org.gradle.internal.operations.DefaultBuildOperationRunner$CallableBuildOperationWorker.execute(DefaultBuildOperationRunner.java:205)
	at org.gradle.internal.operations.DefaultBuildOperationRunner$2.execute(DefaultBuildOperationRunner.java:67)
	at org.gradle.internal.operations.DefaultBuildOperationRunner$2.execute(DefaultBuildOperationRunner.java:60)
	at org.gradle.internal.operations.DefaultBuildOperationRunner.execute(DefaultBuildOperationRunner.java:167)
	at org.gradle.internal.operations.DefaultBuildOperationRunner.execute(DefaultBuildOperationRunner.java:60)
	at org.gradle.internal.operations.DefaultBuildOperationRunner.call(DefaultBuildOperationRunner.java:54)
	at org.gradle.internal.execution.steps.ExecuteStep.execute(ExecuteStep.java:56)
	at org.gradle.internal.execution.steps.ExecuteStep.execute(ExecuteStep.java:44)
	at org.gradle.internal.execution.steps.CancelExecutionStep.execute(CancelExecutionStep.java:42)
	at org.gradle.internal.execution.steps.TimeoutStep.executeWithoutTimeout(TimeoutStep.java:75)
	at org.gradle.internal.execution.steps.TimeoutStep.execute(TimeoutStep.java:55)
	at org.gradle.internal.execution.steps.PreCreateOutputParentsStep.execute(PreCreateOutputParentsStep.java:50)
	at org.gradle.internal.execution.steps.PreCreateOutputParentsStep.execute(PreCreateOutputParentsStep.java:28)
	at org.gradle.internal.execution.steps.RemovePreviousOutputsStep.execute(RemovePreviousOutputsStep.java:67)
	at org.gradle.internal.execution.steps.RemovePreviousOutputsStep.execute(RemovePreviousOutputsStep.java:37)
	at org.gradle.internal.execution.steps.BroadcastChangingOutputsStep.execute(BroadcastChangingOutputsStep.java:61)
	at org.gradle.internal.execution.steps.BroadcastChangingOutputsStep.execute(BroadcastChangingOutputsStep.java:26)
	at org.gradle.internal.execution.steps.CaptureOutputsAfterExecutionStep.execute(CaptureOutputsAfterExecutionStep.java:69)
	at org.gradle.internal.execution.steps.CaptureOutputsAfterExecutionStep.execute(CaptureOutputsAfterExecutionStep.java:46)
	at org.gradle.internal.execution.steps.ResolveInputChangesStep.execute(ResolveInputChangesStep.java:40)
	at org.gradle.internal.execution.steps.ResolveInputChangesStep.execute(ResolveInputChangesStep.java:29)
	at org.gradle.internal.execution.steps.BuildCacheStep.executeWithoutCache(BuildCacheStep.java:189)
	at org.gradle.internal.execution.steps.BuildCacheStep.executeAndStoreInCache(BuildCacheStep.java:145)
	at org.gradle.internal.execution.steps.BuildCacheStep.lambda$executeWithCache$4(BuildCacheStep.java:101)
	at java.base/java.util.Optional.orElseGet(Optional.java:364)
	at org.gradle.internal.execution.steps.BuildCacheStep.lambda$executeWithCache$5(BuildCacheStep.java:101)
	at org.gradle.internal.Try$Success.map(Try.java:175)
	at org.gradle.internal.execution.steps.BuildCacheStep.executeWithCache(BuildCacheStep.java:85)
	at org.gradle.internal.execution.steps.BuildCacheStep.lambda$execute$0(BuildCacheStep.java:74)
	at org.gradle.internal.Either$Left.fold(Either.java:115)
	at org.gradle.internal.execution.caching.CachingState.fold(CachingState.java:62)
	at org.gradle.internal.execution.steps.BuildCacheStep.execute(BuildCacheStep.java:73)
	at org.gradle.internal.execution.steps.BuildCacheStep.execute(BuildCacheStep.java:48)
	at org.gradle.internal.execution.steps.StoreExecutionStateStep.execute(StoreExecutionStateStep.java:46)
	at org.gradle.internal.execution.steps.StoreExecutionStateStep.execute(StoreExecutionStateStep.java:35)
	at org.gradle.internal.execution.steps.SkipUpToDateStep.executeBecause(SkipUpToDateStep.java:75)
	at org.gradle.internal.execution.steps.SkipUpToDateStep.lambda$execute$2(SkipUpToDateStep.java:53)
	at java.base/java.util.Optional.orElseGet(Optional.java:364)
	at org.gradle.internal.execution.steps.SkipUpToDateStep.execute(SkipUpToDateStep.java:53)
	at org.gradle.internal.execution.steps.SkipUpToDateStep.execute(SkipUpToDateStep.java:35)
	at org.gradle.internal.execution.steps.legacy.MarkSnapshottingInputsFinishedStep.execute(MarkSnapshottingInputsFinishedStep.java:37)
	at org.gradle.internal.execution.steps.legacy.MarkSnapshottingInputsFinishedStep.execute(MarkSnapshottingInputsFinishedStep.java:27)
	at org.gradle.internal.execution.steps.ResolveIncrementalCachingStateStep.executeDelegate(ResolveIncrementalCachingStateStep.java:49)
	at org.gradle.internal.execution.steps.ResolveIncrementalCachingStateStep.executeDelegate(ResolveIncrementalCachingStateStep.java:27)
	at org.gradle.internal.execution.steps.AbstractResolveCachingStateStep.execute(AbstractResolveCachingStateStep.java:71)
	at org.gradle.internal.execution.steps.AbstractResolveCachingStateStep.execute(AbstractResolveCachingStateStep.java:39)
	at org.gradle.internal.execution.steps.ResolveChangesStep.execute(ResolveChangesStep.java:65)
	at org.gradle.internal.execution.steps.ResolveChangesStep.execute(ResolveChangesStep.java:36)
	at org.gradle.internal.execution.steps.ValidateStep.execute(ValidateStep.java:107)
	at org.gradle.internal.execution.steps.ValidateStep.execute(ValidateStep.java:56)
	at org.gradle.internal.execution.steps.AbstractCaptureStateBeforeExecutionStep.execute(AbstractCaptureStateBeforeExecutionStep.java:64)
	at org.gradle.internal.execution.steps.AbstractCaptureStateBeforeExecutionStep.execute(AbstractCaptureStateBeforeExecutionStep.java:43)
	at org.gradle.internal.execution.steps.AbstractSkipEmptyWorkStep.executeWithNonEmptySources(AbstractSkipEmptyWorkStep.java:125)
	at org.gradle.internal.execution.steps.AbstractSkipEmptyWorkStep.execute(AbstractSkipEmptyWorkStep.java:61)
	at org.gradle.internal.execution.steps.AbstractSkipEmptyWorkStep.execute(AbstractSkipEmptyWorkStep.java:36)
	at org.gradle.internal.execution.steps.legacy.MarkSnapshottingInputsStartedStep.execute(MarkSnapshottingInputsStartedStep.java:38)
	at org.gradle.internal.execution.steps.LoadPreviousExecutionStateStep.execute(LoadPreviousExecutionStateStep.java:36)
	at org.gradle.internal.execution.steps.LoadPreviousExecutionStateStep.execute(LoadPreviousExecutionStateStep.java:23)
	at org.gradle.internal.execution.steps.HandleStaleOutputsStep.execute(HandleStaleOutputsStep.java:75)
	at org.gradle.internal.execution.steps.HandleStaleOutputsStep.execute(HandleStaleOutputsStep.java:41)
	at org.gradle.internal.execution.steps.AssignMutableWorkspaceStep.lambda$execute$0(AssignMutableWorkspaceStep.java:35)
	at org.gradle.api.internal.tasks.execution.TaskExecution$4.withWorkspace(TaskExecution.java:289)
	at org.gradle.internal.execution.steps.AssignMutableWorkspaceStep.execute(AssignMutableWorkspaceStep.java:31)
	at org.gradle.internal.execution.steps.AssignMutableWorkspaceStep.execute(AssignMutableWorkspaceStep.java:22)
	at org.gradle.internal.execution.steps.ChoosePipelineStep.execute(ChoosePipelineStep.java:40)
	at org.gradle.internal.execution.steps.ChoosePipelineStep.execute(ChoosePipelineStep.java:23)
	at org.gradle.internal.execution.steps.ExecuteWorkBuildOperationFiringStep.lambda$execute$2(ExecuteWorkBuildOperationFiringStep.java:67)
	at java.base/java.util.Optional.orElseGet(Optional.java:364)
	at org.gradle.internal.execution.steps.ExecuteWorkBuildOperationFiringStep.execute(ExecuteWorkBuildOperationFiringStep.java:67)
	at org.gradle.internal.execution.steps.ExecuteWorkBuildOperationFiringStep.execute(ExecuteWorkBuildOperationFiringStep.java:39)
	at org.gradle.internal.execution.steps.IdentityCacheStep.execute(IdentityCacheStep.java:46)
	at org.gradle.internal.execution.steps.IdentityCacheStep.execute(IdentityCacheStep.java:34)
	at org.gradle.internal.execution.steps.IdentifyStep.execute(IdentifyStep.java:48)
	at org.gradle.internal.execution.steps.IdentifyStep.execute(IdentifyStep.java:35)
	at org.gradle.internal.execution.impl.DefaultExecutionEngine$1.execute(DefaultExecutionEngine.java:64)
	at org.gradle.api.internal.tasks.execution.ExecuteActionsTaskExecuter.executeIfValid(ExecuteActionsTaskExecuter.java:127)
	at org.gradle.api.internal.tasks.execution.ExecuteActionsTaskExecuter.execute(ExecuteActionsTaskExecuter.java:116)
	at org.gradle.api.internal.tasks.execution.ProblemsTaskPathTrackingTaskExecuter.execute(ProblemsTaskPathTrackingTaskExecuter.java:41)
	at org.gradle.api.internal.tasks.execution.FinalizePropertiesTaskExecuter.execute(FinalizePropertiesTaskExecuter.java:46)
	at org.gradle.api.internal.tasks.execution.ResolveTaskExecutionModeExecuter.execute(ResolveTaskExecutionModeExecuter.java:51)
	at org.gradle.api.internal.tasks.execution.SkipTaskWithNoActionsExecuter.execute(SkipTaskWithNoActionsExecuter.java:57)
	at org.gradle.api.internal.tasks.execution.SkipOnlyIfTaskExecuter.execute(SkipOnlyIfTaskExecuter.java:74)
	at org.gradle.api.internal.tasks.execution.CatchExceptionTaskExecuter.execute(CatchExceptionTaskExecuter.java:36)
	at org.gradle.api.internal.tasks.execution.EventFiringTaskExecuter$1.executeTask(EventFiringTaskExecuter.java:77)
	at org.gradle.api.internal.tasks.execution.EventFiringTaskExecuter$1.call(EventFiringTaskExecuter.java:55)
	at org.gradle.api.internal.tasks.execution.EventFiringTaskExecuter$1.call(EventFiringTaskExecuter.java:52)
	at org.gradle.internal.operations.DefaultBuildOperationRunner$CallableBuildOperationWorker.execute(DefaultBuildOperationRunner.java:210)
	at org.gradle.internal.operations.DefaultBuildOperationRunner$CallableBuildOperationWorker.execute(DefaultBuildOperationRunner.java:205)
	at org.gradle.internal.operations.DefaultBuildOperationRunner$2.execute(DefaultBuildOperationRunner.java:67)
	at org.gradle.internal.operations.DefaultBuildOperationRunner$2.execute(DefaultBuildOperationRunner.java:60)
	at org.gradle.internal.operations.DefaultBuildOperationRunner.execute(DefaultBuildOperationRunner.java:167)
	at org.gradle.internal.operations.DefaultBuildOperationRunner.execute(DefaultBuildOperationRunner.java:60)
	at org.gradle.internal.operations.DefaultBuildOperationRunner.call(DefaultBuildOperationRunner.java:54)
	at org.gradle.api.internal.tasks.execution.EventFiringTaskExecuter.execute(EventFiringTaskExecuter.java:52)
	at org.gradle.execution.plan.LocalTaskNodeExecutor.execute(LocalTaskNodeExecutor.java:42)
	at org.gradle.execution.taskgraph.DefaultTaskExecutionGraph$InvokeNodeExecutorsAction.execute(DefaultTaskExecutionGraph.java:331)
	at org.gradle.execution.taskgraph.DefaultTaskExecutionGraph$InvokeNodeExecutorsAction.execute(DefaultTaskExecutionGraph.java:318)
	at org.gradle.execution.taskgraph.DefaultTaskExecutionGraph$BuildOperationAwareExecutionAction.lambda$execute$0(DefaultTaskExecutionGraph.java:314)
	at org.gradle.internal.operations.CurrentBuildOperationRef.with(CurrentBuildOperationRef.java:85)
	at org.gradle.execution.taskgraph.DefaultTaskExecutionGraph$BuildOperationAwareExecutionAction.execute(DefaultTaskExecutionGraph.java:314)
	at org.gradle.execution.taskgraph.DefaultTaskExecutionGraph$BuildOperationAwareExecutionAction.execute(DefaultTaskExecutionGraph.java:303)
	at org.gradle.execution.plan.DefaultPlanExecutor$ExecutorWorker.execute(DefaultPlanExecutor.java:459)
	at org.gradle.execution.plan.DefaultPlanExecutor$ExecutorWorker.run(DefaultPlanExecutor.java:376)
	at org.gradle.internal.concurrent.ExecutorPolicy$CatchAndRecordFailures.onExecute(ExecutorPolicy.java:64)
	at org.gradle.internal.concurrent.AbstractManagedExecutor$1.run(AbstractManagedExecutor.java:48)
	at java.base/java.util.concurrent.ThreadPoolExecutor.runWorker(ThreadPoolExecutor.java:1144)
	at java.base/java.util.concurrent.ThreadPoolExecutor$Worker.run(ThreadPoolExecutor.java:642)
	at java.base/java.lang.Thread.run(Thread.java:1583)

==============================================================================

BUILD FAILED in 19s
38 actionable tasks: 5 executed, 33 up-to-date
